Looking for git in: git
Using git  from git
> git rev-parse --show-toplevel
> git rev-parse --git-dir
> git config --get commit.template
Open repository: /home/weet/Git/valhallac
> git status -z -u
> git symbolic-ref --short HEAD
> git rev-parse devel
> git rev-parse --symbolic-full-name devel@{u}
> git rev-list --left-right devel...refs/remotes/origin/devel
> git for-each-ref --format %(refname) %(objectname) --sort -committerdate
> git remote --verbose
> git show :src/compiler/marshal.rs
> git rev-parse --show-toplevel
> git check-ignore -v -z --stdin
> git rev-parse --git-dir
> git config --get commit.template
Open repository: /home/weet/Git/brokkr
> git status -z -u
> git symbolic-ref --short HEAD
> git rev-parse master
> git rev-parse --symbolic-full-name master@{u}
> git rev-list --left-right master...refs/remotes/origin/master
> git for-each-ref --format %(refname) %(objectname) --sort -committerdate
> git remote --verbose
> git rev-parse --show-toplevel
> git check-ignore -v -z --stdin
> git check-ignore -v -z --stdin
> git rev-parse --git-dir
> git config --get commit.template
Open repository: /home/weet/Git/sotrahonning
> git status -z -u
> git symbolic-ref --short HEAD
> git rev-parse master
fatal: ambiguous argument 'master': unknown revision or path not in the working tree.
Use '--' to separate paths from revisions, like this:
'git <command> [<revision>...] -- [<file>...]'
> git for-each-ref --format %(refname) %(objectname) --sort -committerdate
> git remote --verbose
> git check-ignore -v -z --stdin
> git check-ignore -v -z --stdin
> git check-ignore -v -z --stdin
> git rev-parse --show-toplevel
fatal: not a git repository (or any parent up to mount point /mnt)
Stopping at filesystem boundary (GIT_DISCOVERY_ACROSS_FILESYSTEM not set).
> git rev-parse --show-toplevel
> git rev-parse --show-toplevel
> git status -z -u
> git symbolic-ref --short HEAD
> git rev-parse --show-toplevel
> git rev-parse devel
> git rev-parse --git-dir
> git rev-parse --symbolic-full-name devel@{u}
> git config --get commit.template
Open repository: /home/weet/Git/BasicCanvas
> git status -z -u
> git rev-list --left-right devel...refs/remotes/origin/devel
> git symbolic-ref --short HEAD
> git for-each-ref --format %(refname) %(objectname) --sort -committerdate
> git remote --verbose
> git rev-parse devel
> git rev-parse --symbolic-full-name devel@{u}
> git rev-list --left-right devel...refs/remotes/origin/devel
> git for-each-ref --format %(refname) %(objectname) --sort -committerdate
> git remote --verbose
> git check-ignore -v -z --stdin
> git check-ignore -v -z --stdin
> git check-ignore -v -z --stdin
> git check-ignore -v -z --stdin
> git status -z -u
> git symbolic-ref --short HEAD
> git rev-parse devel
> git rev-parse --symbolic-full-name devel@{u}
> git rev-list --left-right devel...refs/remotes/origin/devel
> git for-each-ref --format %(refname) %(objectname) --sort -committerdate
> git remote --verbose
> git show :src/compiler/instructions.rs
> git check-ignore -v -z --stdin
> git show :src/bin.rs
> git show :src/syntax/parser.rs
> git config --global user.email
> git config --global user.name
> git status -z -u
> git symbolic-ref --short HEAD
> git rev-parse master
fatal: ambiguous argument 'master': unknown revision or path not in the working tree.
Use '--' to separate paths from revisions, like this:
'git <command> [<revision>...] -- [<file>...]'
> git for-each-ref --format %(refname) %(objectname) --sort -committerdate
> git remote --verbose
> git show :.gitignore
> git check-ignore -v -z --stdin
> git show :example/music.js
> git status -z -u
> git symbolic-ref --short HEAD
> git rev-parse devel
> git rev-parse --symbolic-full-name devel@{u}
> git rev-list --left-right devel...refs/remotes/origin/devel
> git for-each-ref --format %(refname) %(objectname) --sort -committerdate
> git remote --verbose
> git status -z -u
> git symbolic-ref --short HEAD
> git rev-parse devel
> git rev-parse --symbolic-full-name devel@{u}
> git rev-list --left-right devel...refs/remotes/origin/devel
> git show :example/music.js
> git for-each-ref --format %(refname) %(objectname) --sort -committerdate
> git remote --verbose
> git status -z -u
> git symbolic-ref --short HEAD
> git rev-parse devel
> git rev-parse --symbolic-full-name devel@{u}
> git rev-list --left-right devel...refs/remotes/origin/devel
> git show :example/music.js
> git for-each-ref --format %(refname) %(objectname) --sort -committerdate
> git remote --verbose
> git status -z -u
> git symbolic-ref --short HEAD
> git rev-parse devel
> git rev-parse --symbolic-full-name devel@{u}
> git rev-list --left-right devel...refs/remotes/origin/devel
> git show :example/music.js
> git for-each-ref --format %(refname) %(objectname) --sort -committerdate
> git remote --verbose
> git show :example/music.js
> git status -z -u
> git symbolic-ref --short HEAD
> git rev-parse devel
> git rev-parse --symbolic-full-name devel@{u}
> git rev-list --left-right devel...refs/remotes/origin/devel
> git for-each-ref --format %(refname) %(objectname) --sort -committerdate
> git remote --verbose
> git show :example/your_example.js
> git status -z -u
> git symbolic-ref --short HEAD
> git rev-parse devel
> git rev-parse --symbolic-full-name devel@{u}
> git show :example/your_example.js
> git rev-list --left-right devel...refs/remotes/origin/devel
> git for-each-ref --format %(refname) %(objectname) --sort -committerdate
> git remote --verbose
> git show :example/your_example.js
> git check-ignore -v -z --stdin
> git show :example/spring_pendulum.js
> git status -z -u
> git symbolic-ref --short HEAD
> git rev-parse devel
> git rev-parse --symbolic-full-name devel@{u}
> git rev-list --left-right devel...refs/remotes/origin/devel
> git for-each-ref --format %(refname) %(objectname) --sort -committerdate
> git remote --verbose
> git status -z -u
> git symbolic-ref --short HEAD
> git rev-parse devel
> git rev-parse --symbolic-full-name devel@{u}
> git rev-list --left-right devel...refs/remotes/origin/devel
> git for-each-ref --format %(refname) %(objectname) --sort -committerdate
> git remote --verbose
> git check-ignore -v -z --stdin
> git show :lib/BasicCanvas.js
> git status -z -u
> git symbolic-ref --short HEAD
> git rev-parse devel
> git rev-parse --symbolic-full-name devel@{u}
> git rev-list --left-right devel...refs/remotes/origin/devel
> git for-each-ref --format %(refname) %(objectname) --sort -committerdate
> git remote --verbose
> git status -z -u
> git symbolic-ref --short HEAD
> git rev-parse devel
> git rev-parse --symbolic-full-name devel@{u}
> git rev-list --left-right devel...refs/remotes/origin/devel
> git for-each-ref --format %(refname) %(objectname) --sort -committerdate
> git remote --verbose
> git status -z -u
> git symbolic-ref --short HEAD
> git rev-parse devel
> git rev-parse --symbolic-full-name devel@{u}
> git rev-list --left-right devel...refs/remotes/origin/devel
> git for-each-ref --format %(refname) %(objectname) --sort -committerdate
> git remote --verbose
> git status -z -u
> git symbolic-ref --short HEAD
> git rev-parse devel
> git rev-parse --symbolic-full-name devel@{u}
> git rev-list --left-right devel...refs/remotes/origin/devel
> git for-each-ref --format %(refname) %(objectname) --sort -committerdate
> git remote --verbose
> git status -z -u
> git symbolic-ref --short HEAD
> git rev-parse devel
> git rev-parse --symbolic-full-name devel@{u}
> git rev-list --left-right devel...refs/remotes/origin/devel
> git for-each-ref --format %(refname) %(objectname) --sort -committerdate
> git remote --verbose
> git show :example/spring_pendulum.js
> git status -z -u
> git symbolic-ref --short HEAD
> git rev-parse devel
> git rev-parse --symbolic-full-name devel@{u}
> git rev-list --left-right devel...refs/remotes/origin/devel
> git for-each-ref --format %(refname) %(objectname) --sort -committerdate
> git remote --verbose
> git status -z -u
> git symbolic-ref --short HEAD
> git rev-parse devel
> git rev-parse --symbolic-full-name devel@{u}
> git rev-list --left-right devel...refs/remotes/origin/devel
> git for-each-ref --format %(refname) %(objectname) --sort -committerdate
> git remote --verbose
> git status -z -u
> git symbolic-ref --short HEAD
> git rev-parse devel
> git rev-parse --symbolic-full-name devel@{u}
> git rev-list --left-right devel...refs/remotes/origin/devel
> git for-each-ref --format %(refname) %(objectname) --sort -committerdate
> git remote --verbose
> git status -z -u
> git symbolic-ref --short HEAD
> git rev-parse devel
> git rev-parse --symbolic-full-name devel@{u}
> git rev-list --left-right devel...refs/remotes/origin/devel
> git for-each-ref --format %(refname) %(objectname) --sort -committerdate
> git remote --verbose
> git status -z -u
> git symbolic-ref --short HEAD
> git rev-parse devel
> git rev-parse --symbolic-full-name devel@{u}
> git rev-list --left-right devel...refs/remotes/origin/devel
> git for-each-ref --format %(refname) %(objectname) --sort -committerdate
> git remote --verbose
> git status -z -u
> git symbolic-ref --short HEAD
> git rev-parse devel
> git rev-parse --symbolic-full-name devel@{u}
> git rev-list --left-right devel...refs/remotes/origin/devel
> git for-each-ref --format %(refname) %(objectname) --sort -committerdate
> git remote --verbose
> git status -z -u
> git symbolic-ref --short HEAD
> git rev-parse devel
> git rev-parse --symbolic-full-name devel@{u}
> git rev-list --left-right devel...refs/remotes/origin/devel
> git for-each-ref --format %(refname) %(objectname) --sort -committerdate
> git remote --verbose
> git status -z -u
> git symbolic-ref --short HEAD
> git rev-parse devel
> git rev-parse --symbolic-full-name devel@{u}
> git rev-list --left-right devel...refs/remotes/origin/devel
> git for-each-ref --format %(refname) %(objectname) --sort -committerdate
> git remote --verbose
> git status -z -u
> git symbolic-ref --short HEAD
> git rev-parse devel
> git rev-parse --symbolic-full-name devel@{u}
> git rev-list --left-right devel...refs/remotes/origin/devel
> git for-each-ref --format %(refname) %(objectname) --sort -committerdate
> git remote --verbose
> git status -z -u
> git symbolic-ref --short HEAD
> git rev-parse devel
> git rev-parse --symbolic-full-name devel@{u}
> git rev-list --left-right devel...refs/remotes/origin/devel
> git for-each-ref --format %(refname) %(objectname) --sort -committerdate
> git remote --verbose
> git status -z -u
> git symbolic-ref --short HEAD
> git rev-parse devel
> git rev-parse --symbolic-full-name devel@{u}
> git rev-list --left-right devel...refs/remotes/origin/devel
> git for-each-ref --format %(refname) %(objectname) --sort -committerdate
> git remote --verbose
> git show :lib/BasicCanvas.js
> git status -z -u
> git symbolic-ref --short HEAD
> git rev-parse devel
> git rev-parse --symbolic-full-name devel@{u}
> git rev-list --left-right devel...refs/remotes/origin/devel
> git for-each-ref --format %(refname) %(objectname) --sort -committerdate
> git remote --verbose
> git status -z -u
> git symbolic-ref --short HEAD
> git rev-parse devel
> git rev-parse --symbolic-full-name devel@{u}
> git rev-list --left-right devel...refs/remotes/origin/devel
> git for-each-ref --format %(refname) %(objectname) --sort -committerdate
> git remote --verbose
> git status -z -u
> git symbolic-ref --short HEAD
> git rev-parse devel
> git rev-parse --symbolic-full-name devel@{u}
> git rev-list --left-right devel...refs/remotes/origin/devel
> git for-each-ref --format %(refname) %(objectname) --sort -committerdate
> git remote --verbose
> git status -z -u
> git symbolic-ref --short HEAD
> git rev-parse devel
> git rev-parse --symbolic-full-name devel@{u}
> git rev-list --left-right devel...refs/remotes/origin/devel
> git for-each-ref --format %(refname) %(objectname) --sort -committerdate
> git remote --verbose
> git show :example/spring_pendulum.js
> git status -z -u
> git symbolic-ref --short HEAD
> git rev-parse devel
> git rev-parse --symbolic-full-name devel@{u}
> git rev-list --left-right devel...refs/remotes/origin/devel
> git for-each-ref --format %(refname) %(objectname) --sort -committerdate
> git remote --verbose
> git show :lib/BasicCanvas.js
> git status -z -u
> git symbolic-ref --short HEAD
> git rev-parse devel
> git rev-parse --symbolic-full-name devel@{u}
> git rev-list --left-right devel...refs/remotes/origin/devel
> git for-each-ref --format %(refname) %(objectname) --sort -committerdate
> git remote --verbose
> git show :example/spring_pendulum.js
> git status -z -u
> git symbolic-ref --short HEAD
> git rev-parse devel
> git rev-parse --symbolic-full-name devel@{u}
> git rev-list --left-right devel...refs/remotes/origin/devel
> git for-each-ref --format %(refname) %(objectname) --sort -committerdate
> git remote --verbose
> git show :lib/BasicCanvas.js
> git status -z -u
> git symbolic-ref --short HEAD
> git rev-parse devel
> git rev-parse --symbolic-full-name devel@{u}
> git rev-list --left-right devel...refs/remotes/origin/devel
> git for-each-ref --format %(refname) %(objectname) --sort -committerdate
> git remote --verbose
> git status -z -u
> git symbolic-ref --short HEAD
> git rev-parse devel
> git rev-parse --symbolic-full-name devel@{u}
> git rev-list --left-right devel...refs/remotes/origin/devel
> git for-each-ref --format %(refname) %(objectname) --sort -committerdate
> git remote --verbose
> git show :example/spring_pendulum.js
> git status -z -u
> git symbolic-ref --short HEAD
> git rev-parse devel
> git rev-parse --symbolic-full-name devel@{u}
> git rev-list --left-right devel...refs/remotes/origin/devel
> git for-each-ref --format %(refname) %(objectname) --sort -committerdate
> git remote --verbose
> git show :lib/BasicCanvas.js
> git show :example/spring_pendulum.js
> git status -z -u
> git symbolic-ref --short HEAD
> git rev-parse devel
> git rev-parse --symbolic-full-name devel@{u}
> git rev-list --left-right devel...refs/remotes/origin/devel
> git for-each-ref --format %(refname) %(objectname) --sort -committerdate
> git remote --verbose
> git show :lib/BasicCanvas.js
> git show :example/spring_pendulum.js
> git status -z -u
> git symbolic-ref --short HEAD
> git rev-parse devel
> git rev-parse --symbolic-full-name devel@{u}
> git rev-list --left-right devel...refs/remotes/origin/devel
> git for-each-ref --format %(refname) %(objectname) --sort -committerdate
> git remote --verbose
> git show :lib/BasicCanvas.js
> git show :example/spring_pendulum.js
> git show :lib/BasicCanvas.js
> git status -z -u
> git symbolic-ref --short HEAD
> git rev-parse devel
> git rev-parse --symbolic-full-name devel@{u}
> git rev-list --left-right devel...refs/remotes/origin/devel
> git for-each-ref --format %(refname) %(objectname) --sort -committerdate
> git remote --verbose
> git status -z -u
> git symbolic-ref --short HEAD
> git rev-parse devel
> git rev-parse --symbolic-full-name devel@{u}
> git rev-list --left-right devel...refs/remotes/origin/devel
> git for-each-ref --format %(refname) %(objectname) --sort -committerdate
> git remote --verbose
> git status -z -u
> git symbolic-ref --short HEAD
> git rev-parse devel
> git rev-parse --symbolic-full-name devel@{u}
> git rev-list --left-right devel...refs/remotes/origin/devel
> git for-each-ref --format %(refname) %(objectname) --sort -committerdate
> git remote --verbose
> git status -z -u
> git symbolic-ref --short HEAD
> git rev-parse devel
> git rev-parse --symbolic-full-name devel@{u}
> git rev-list --left-right devel...refs/remotes/origin/devel
> git for-each-ref --format %(refname) %(objectname) --sort -committerdate
> git remote --verbose
> git status -z -u
> git symbolic-ref --short HEAD
> git rev-parse devel
> git rev-parse --symbolic-full-name devel@{u}
> git rev-list --left-right devel...refs/remotes/origin/devel
> git for-each-ref --format %(refname) %(objectname) --sort -committerdate
> git remote --verbose
> git status -z -u
> git symbolic-ref --short HEAD
> git rev-parse devel
> git rev-parse --symbolic-full-name devel@{u}
> git rev-list --left-right devel...refs/remotes/origin/devel
> git for-each-ref --format %(refname) %(objectname) --sort -committerdate
> git remote --verbose
> git status -z -u
> git symbolic-ref --short HEAD
> git rev-parse devel
> git rev-parse --symbolic-full-name devel@{u}
> git rev-list --left-right devel...refs/remotes/origin/devel
> git for-each-ref --format %(refname) %(objectname) --sort -committerdate
> git remote --verbose
> git show :example/spring_pendulum.js
> git show :lib/BasicCanvas.js
> git status -z -u
> git symbolic-ref --short HEAD
> git rev-parse devel
> git rev-parse --symbolic-full-name devel@{u}
> git rev-list --left-right devel...refs/remotes/origin/devel
> git for-each-ref --format %(refname) %(objectname) --sort -committerdate
> git remote --verbose
> git show :example/spring_pendulum.js
> git status -z -u
> git symbolic-ref --short HEAD
> git rev-parse devel
> git rev-parse --symbolic-full-name devel@{u}
> git rev-list --left-right devel...refs/remotes/origin/devel
> git for-each-ref --format %(refname) %(objectname) --sort -committerdate
> git remote --verbose
> git status -z -u
> git symbolic-ref --short HEAD
> git rev-parse devel
> git rev-parse --symbolic-full-name devel@{u}
> git rev-list --left-right devel...refs/remotes/origin/devel
> git for-each-ref --format %(refname) %(objectname) --sort -committerdate
> git remote --verbose
> git status -z -u
> git symbolic-ref --short HEAD
> git rev-parse devel
> git rev-parse --symbolic-full-name devel@{u}
> git rev-list --left-right devel...refs/remotes/origin/devel
> git for-each-ref --format %(refname) %(objectname) --sort -committerdate
> git remote --verbose
> git status -z -u
> git symbolic-ref --short HEAD
> git rev-parse devel
> git rev-parse --symbolic-full-name devel@{u}
> git rev-list --left-right devel...refs/remotes/origin/devel
> git for-each-ref --format %(refname) %(objectname) --sort -committerdate
> git remote --verbose
> git status -z -u
> git symbolic-ref --short HEAD
> git rev-parse devel
> git rev-parse --symbolic-full-name devel@{u}
> git rev-list --left-right devel...refs/remotes/origin/devel
> git for-each-ref --format %(refname) %(objectname) --sort -committerdate
> git remote --verbose
> git status -z -u
> git symbolic-ref --short HEAD
> git rev-parse devel
> git rev-parse --symbolic-full-name devel@{u}
> git rev-list --left-right devel...refs/remotes/origin/devel
> git for-each-ref --format %(refname) %(objectname) --sort -committerdate
> git remote --verbose
> git status -z -u
> git symbolic-ref --short HEAD
> git rev-parse devel
> git rev-parse --symbolic-full-name devel@{u}
> git rev-list --left-right devel...refs/remotes/origin/devel
> git for-each-ref --format %(refname) %(objectname) --sort -committerdate
> git remote --verbose
> git status -z -u
> git symbolic-ref --short HEAD
> git rev-parse devel
> git rev-parse --symbolic-full-name devel@{u}
> git rev-list --left-right devel...refs/remotes/origin/devel
> git for-each-ref --format %(refname) %(objectname) --sort -committerdate
> git remote --verbose
> git status -z -u
> git symbolic-ref --short HEAD
> git rev-parse devel
> git rev-parse --symbolic-full-name devel@{u}
> git rev-list --left-right devel...refs/remotes/origin/devel
> git for-each-ref --format %(refname) %(objectname) --sort -committerdate
> git remote --verbose
> git status -z -u
> git symbolic-ref --short HEAD
> git rev-parse devel
> git rev-parse --symbolic-full-name devel@{u}
> git rev-list --left-right devel...refs/remotes/origin/devel
> git for-each-ref --format %(refname) %(objectname) --sort -committerdate
> git remote --verbose
> git status -z -u
> git symbolic-ref --short HEAD
> git rev-parse devel
> git rev-parse --symbolic-full-name devel@{u}
> git rev-list --left-right devel...refs/remotes/origin/devel
> git for-each-ref --format %(refname) %(objectname) --sort -committerdate
> git remote --verbose
> git status -z -u
> git symbolic-ref --short HEAD
> git rev-parse devel
> git rev-parse --symbolic-full-name devel@{u}
> git rev-list --left-right devel...refs/remotes/origin/devel
> git for-each-ref --format %(refname) %(objectname) --sort -committerdate
> git remote --verbose
> git status -z -u
> git symbolic-ref --short HEAD
> git rev-parse devel
> git rev-parse --symbolic-full-name devel@{u}
> git rev-list --left-right devel...refs/remotes/origin/devel
> git for-each-ref --format %(refname) %(objectname) --sort -committerdate
> git remote --verbose
> git status -z -u
> git symbolic-ref --short HEAD
> git rev-parse devel
> git rev-parse --symbolic-full-name devel@{u}
> git rev-list --left-right devel...refs/remotes/origin/devel
> git for-each-ref --format %(refname) %(objectname) --sort -committerdate
> git remote --verbose
> git status -z -u
> git symbolic-ref --short HEAD
> git rev-parse devel
> git rev-parse --symbolic-full-name devel@{u}
> git rev-list --left-right devel...refs/remotes/origin/devel
> git for-each-ref --format %(refname) %(objectname) --sort -committerdate
> git remote --verbose
> git status -z -u
> git symbolic-ref --short HEAD
> git rev-parse devel
> git rev-parse --symbolic-full-name devel@{u}
> git rev-list --left-right devel...refs/remotes/origin/devel
> git for-each-ref --format %(refname) %(objectname) --sort -committerdate
> git remote --verbose
> git status -z -u
> git symbolic-ref --short HEAD
> git rev-parse devel
> git rev-parse --symbolic-full-name devel@{u}
> git rev-list --left-right devel...refs/remotes/origin/devel
> git for-each-ref --format %(refname) %(objectname) --sort -committerdate
> git remote --verbose
> git status -z -u
> git symbolic-ref --short HEAD
> git rev-parse devel
> git rev-parse --symbolic-full-name devel@{u}
> git rev-list --left-right devel...refs/remotes/origin/devel
> git for-each-ref --format %(refname) %(objectname) --sort -committerdate
> git remote --verbose
> git status -z -u
> git symbolic-ref --short HEAD
> git rev-parse devel
> git rev-parse --symbolic-full-name devel@{u}
> git rev-list --left-right devel...refs/remotes/origin/devel
> git for-each-ref --format %(refname) %(objectname) --sort -committerdate
> git remote --verbose
> git status -z -u
> git symbolic-ref --short HEAD
> git rev-parse devel
> git rev-parse --symbolic-full-name devel@{u}
> git rev-list --left-right devel...refs/remotes/origin/devel
> git for-each-ref --format %(refname) %(objectname) --sort -committerdate
> git remote --verbose
> git status -z -u
> git symbolic-ref --short HEAD
> git rev-parse devel
> git rev-parse --symbolic-full-name devel@{u}
> git rev-list --left-right devel...refs/remotes/origin/devel
> git for-each-ref --format %(refname) %(objectname) --sort -committerdate
> git remote --verbose
> git status -z -u
> git symbolic-ref --short HEAD
> git rev-parse devel
> git rev-parse --symbolic-full-name devel@{u}
> git rev-list --left-right devel...refs/remotes/origin/devel
> git for-each-ref --format %(refname) %(objectname) --sort -committerdate
> git remote --verbose
> git status -z -u
> git symbolic-ref --short HEAD
> git rev-parse devel
> git rev-parse --symbolic-full-name devel@{u}
> git rev-list --left-right devel...refs/remotes/origin/devel
> git for-each-ref --format %(refname) %(objectname) --sort -committerdate
> git remote --verbose
> git status -z -u
> git symbolic-ref --short HEAD
> git rev-parse devel
> git rev-parse --symbolic-full-name devel@{u}
> git rev-list --left-right devel...refs/remotes/origin/devel
> git for-each-ref --format %(refname) %(objectname) --sort -committerdate
> git remote --verbose
> git status -z -u
> git symbolic-ref --short HEAD
> git rev-parse devel
> git rev-parse --symbolic-full-name devel@{u}
> git rev-list --left-right devel...refs/remotes/origin/devel
> git for-each-ref --format %(refname) %(objectname) --sort -committerdate
> git remote --verbose
> git status -z -u
> git symbolic-ref --short HEAD
> git rev-parse devel
> git rev-parse --symbolic-full-name devel@{u}
> git rev-list --left-right devel...refs/remotes/origin/devel
> git for-each-ref --format %(refname) %(objectname) --sort -committerdate
> git remote --verbose
> git status -z -u
> git symbolic-ref --short HEAD
> git rev-parse devel
> git rev-parse --symbolic-full-name devel@{u}
> git rev-list --left-right devel...refs/remotes/origin/devel
> git for-each-ref --format %(refname) %(objectname) --sort -committerdate
> git remote --verbose
> git status -z -u
> git symbolic-ref --short HEAD
> git rev-parse devel
> git rev-parse --symbolic-full-name devel@{u}
> git rev-list --left-right devel...refs/remotes/origin/devel
> git for-each-ref --format %(refname) %(objectname) --sort -committerdate
> git remote --verbose
> git status -z -u
> git symbolic-ref --short HEAD
> git rev-parse devel
> git rev-parse --symbolic-full-name devel@{u}
> git rev-list --left-right devel...refs/remotes/origin/devel
> git for-each-ref --format %(refname) %(objectname) --sort -committerdate
> git remote --verbose
> git show :example/index.html
> git status -z -u
> git symbolic-ref --short HEAD
> git rev-parse devel
> git rev-parse --symbolic-full-name devel@{u}
> git rev-list --left-right devel...refs/remotes/origin/devel
> git for-each-ref --format %(refname) %(objectname) --sort -committerdate
> git remote --verbose
> git show :example/spring_pendulum.js
> git show :example/double_pendulum.js
> git show :example/spring_pendulum.js
> git show :example/double_pendulum.js
> git show :example/spring_pendulum.js
> git status -z -u
> git symbolic-ref --short HEAD
> git rev-parse devel
> git rev-parse --symbolic-full-name devel@{u}
> git rev-list --left-right devel...refs/remotes/origin/devel
> git for-each-ref --format %(refname) %(objectname) --sort -committerdate
> git remote --verbose
> git status -z -u
> git symbolic-ref --short HEAD
> git rev-parse devel
> git rev-parse --symbolic-full-name devel@{u}
> git rev-list --left-right devel...refs/remotes/origin/devel
> git for-each-ref --format %(refname) %(objectname) --sort -committerdate
> git remote --verbose
> git status -z -u
> git symbolic-ref --short HEAD
> git rev-parse devel
> git rev-parse --symbolic-full-name devel@{u}
> git rev-list --left-right devel...refs/remotes/origin/devel
> git for-each-ref --format %(refname) %(objectname) --sort -committerdate
> git remote --verbose
> git status -z -u
> git symbolic-ref --short HEAD
> git rev-parse devel
> git rev-parse --symbolic-full-name devel@{u}
> git rev-list --left-right devel...refs/remotes/origin/devel
> git for-each-ref --format %(refname) %(objectname) --sort -committerdate
> git remote --verbose
> git show :example/double_pendulum.js
> git show :example/spring_pendulum.js
> git status -z -u
> git symbolic-ref --short HEAD
> git rev-parse devel
> git rev-parse --symbolic-full-name devel@{u}
> git rev-list --left-right devel...refs/remotes/origin/devel
> git for-each-ref --format %(refname) %(objectname) --sort -committerdate
> git remote --verbose
> git status -z -u
> git symbolic-ref --short HEAD
> git rev-parse devel
> git rev-parse --symbolic-full-name devel@{u}
> git rev-list --left-right devel...refs/remotes/origin/devel
> git for-each-ref --format %(refname) %(objectname) --sort -committerdate
> git remote --verbose
> git status -z -u
> git symbolic-ref --short HEAD
> git rev-parse devel
> git rev-parse --symbolic-full-name devel@{u}
> git rev-list --left-right devel...refs/remotes/origin/devel
> git for-each-ref --format %(refname) %(objectname) --sort -committerdate
> git remote --verbose
> git status -z -u
> git symbolic-ref --short HEAD
> git rev-parse devel
> git rev-parse --symbolic-full-name devel@{u}
> git rev-list --left-right devel...refs/remotes/origin/devel
> git for-each-ref --format %(refname) %(objectname) --sort -committerdate
> git remote --verbose
> git status -z -u
> git symbolic-ref --short HEAD
> git rev-parse devel
> git rev-parse --symbolic-full-name devel@{u}
> git rev-list --left-right devel...refs/remotes/origin/devel
> git for-each-ref --format %(refname) %(objectname) --sort -committerdate
> git remote --verbose
> git status -z -u
> git symbolic-ref --short HEAD
> git rev-parse devel
> git rev-parse --symbolic-full-name devel@{u}
> git rev-list --left-right devel...refs/remotes/origin/devel
> git for-each-ref --format %(refname) %(objectname) --sort -committerdate
> git remote --verbose
> git show :example/index.html
> git status -z -u
> git symbolic-ref --short HEAD
> git rev-parse devel
> git rev-parse --symbolic-full-name devel@{u}
> git rev-list --left-right devel...refs/remotes/origin/devel
> git for-each-ref --format %(refname) %(objectname) --sort -committerdate
> git remote --verbose
> git status -z -u
> git symbolic-ref --short HEAD
> git rev-parse devel
> git rev-parse --symbolic-full-name devel@{u}
> git rev-list --left-right devel...refs/remotes/origin/devel
> git for-each-ref --format %(refname) %(objectname) --sort -committerdate
> git remote --verbose
> git status -z -u
> git symbolic-ref --short HEAD
> git rev-parse devel
> git rev-parse --symbolic-full-name devel@{u}
> git rev-list --left-right devel...refs/remotes/origin/devel
> git show :example/index.html
> git for-each-ref --format %(refname) %(objectname) --sort -committerdate
> git remote --verbose
> git status -z -u
> git symbolic-ref --short HEAD
> git rev-parse devel
> git rev-parse --symbolic-full-name devel@{u}
> git rev-list --left-right devel...refs/remotes/origin/devel
> git show :example/index.html
> git for-each-ref --format %(refname) %(objectname) --sort -committerdate
> git remote --verbose
> git status -z -u
> git symbolic-ref --short HEAD
> git rev-parse devel
> git rev-parse --symbolic-full-name devel@{u}
> git rev-list --left-right devel...refs/remotes/origin/devel
> git show :example/index.html
> git for-each-ref --format %(refname) %(objectname) --sort -committerdate
> git remote --verbose
> git show :example/spring_pendulum.js
> git show :lib/BasicCanvas.js
> git show :example/orthographic.coffee
> git show :lib/BasicCanvas.js
> git show :example/vector_field.js
> git status -z -u
> git symbolic-ref --short HEAD
> git rev-parse devel
> git rev-parse --symbolic-full-name devel@{u}
> git rev-list --left-right devel...refs/remotes/origin/devel
> git for-each-ref --format %(refname) %(objectname) --sort -committerdate
> git remote --verbose
> git status -z -u
> git symbolic-ref --short HEAD
> git rev-parse devel
> git rev-parse --symbolic-full-name devel@{u}
> git rev-list --left-right devel...refs/remotes/origin/devel
> git for-each-ref --format %(refname) %(objectname) --sort -committerdate
> git remote --verbose
> git status -z -u
> git symbolic-ref --short HEAD
> git rev-parse devel
> git rev-parse --symbolic-full-name devel@{u}
> git rev-list --left-right devel...refs/remotes/origin/devel
> git for-each-ref --format %(refname) %(objectname) --sort -committerdate
> git remote --verbose
> git status -z -u
> git symbolic-ref --short HEAD
> git rev-parse devel
> git rev-parse --symbolic-full-name devel@{u}
> git rev-list --left-right devel...refs/remotes/origin/devel
> git for-each-ref --format %(refname) %(objectname) --sort -committerdate
> git remote --verbose
> git status -z -u
> git symbolic-ref --short HEAD
> git rev-parse devel
> git rev-parse --symbolic-full-name devel@{u}
> git rev-list --left-right devel...refs/remotes/origin/devel
> git for-each-ref --format %(refname) %(objectname) --sort -committerdate
> git remote --verbose
> git status -z -u
> git symbolic-ref --short HEAD
> git rev-parse devel
> git rev-parse --symbolic-full-name devel@{u}
> git rev-list --left-right devel...refs/remotes/origin/devel
> git for-each-ref --format %(refname) %(objectname) --sort -committerdate
> git remote --verbose
> git status -z -u
> git symbolic-ref --short HEAD
> git rev-parse devel
> git rev-parse --symbolic-full-name devel@{u}
> git rev-list --left-right devel...refs/remotes/origin/devel
> git for-each-ref --format %(refname) %(objectname) --sort -committerdate
> git remote --verbose
> git status -z -u
> git symbolic-ref --short HEAD
> git rev-parse devel
> git rev-parse --symbolic-full-name devel@{u}
> git rev-list --left-right devel...refs/remotes/origin/devel
> git for-each-ref --format %(refname) %(objectname) --sort -committerdate
> git remote --verbose
> git status -z -u
> git symbolic-ref --short HEAD
> git rev-parse devel
> git rev-parse --symbolic-full-name devel@{u}
> git rev-list --left-right devel...refs/remotes/origin/devel
> git for-each-ref --format %(refname) %(objectname) --sort -committerdate
> git remote --verbose
> git status -z -u
> git symbolic-ref --short HEAD
> git rev-parse devel
> git rev-parse --symbolic-full-name devel@{u}
> git rev-list --left-right devel...refs/remotes/origin/devel
> git for-each-ref --format %(refname) %(objectname) --sort -committerdate
> git remote --verbose
> git status -z -u
> git symbolic-ref --short HEAD
> git rev-parse devel
> git rev-parse --symbolic-full-name devel@{u}
> git rev-list --left-right devel...refs/remotes/origin/devel
> git for-each-ref --format %(refname) %(objectname) --sort -committerdate
> git remote --verbose
> git status -z -u
> git symbolic-ref --short HEAD
> git rev-parse devel
> git rev-parse --symbolic-full-name devel@{u}
> git rev-list --left-right devel...refs/remotes/origin/devel
> git for-each-ref --format %(refname) %(objectname) --sort -committerdate
> git remote --verbose
> git status -z -u
> git symbolic-ref --short HEAD
> git rev-parse devel
> git rev-parse --symbolic-full-name devel@{u}
> git rev-list --left-right devel...refs/remotes/origin/devel
> git for-each-ref --format %(refname) %(objectname) --sort -committerdate
> git remote --verbose
> git show :lib/BasicShapes.js
> git show :example/vector_field.js
> git status -z -u
> git symbolic-ref --short HEAD
> git rev-parse devel
> git rev-parse --symbolic-full-name devel@{u}
> git rev-list --left-right devel...refs/remotes/origin/devel
> git for-each-ref --format %(refname) %(objectname) --sort -committerdate
> git remote --verbose
> git status -z -u
> git symbolic-ref --short HEAD
> git rev-parse devel
> git rev-parse --symbolic-full-name devel@{u}
> git rev-list --left-right devel...refs/remotes/origin/devel
> git for-each-ref --format %(refname) %(objectname) --sort -committerdate
> git remote --verbose
> git status -z -u
> git symbolic-ref --short HEAD
> git rev-parse devel
> git rev-parse --symbolic-full-name devel@{u}
> git rev-list --left-right devel...refs/remotes/origin/devel
> git for-each-ref --format %(refname) %(objectname) --sort -committerdate
> git remote --verbose
> git status -z -u
> git symbolic-ref --short HEAD
> git rev-parse devel
> git rev-parse --symbolic-full-name devel@{u}
> git rev-list --left-right devel...refs/remotes/origin/devel
> git for-each-ref --format %(refname) %(objectname) --sort -committerdate
> git remote --verbose
> git status -z -u
> git symbolic-ref --short HEAD
> git rev-parse devel
> git rev-parse --symbolic-full-name devel@{u}
> git rev-list --left-right devel...refs/remotes/origin/devel
> git for-each-ref --format %(refname) %(objectname) --sort -committerdate
> git remote --verbose
> git status -z -u
> git symbolic-ref --short HEAD
> git rev-parse devel
> git rev-parse --symbolic-full-name devel@{u}
> git rev-list --left-right devel...refs/remotes/origin/devel
> git for-each-ref --format %(refname) %(objectname) --sort -committerdate
> git remote --verbose
> git status -z -u
> git symbolic-ref --short HEAD
> git rev-parse devel
> git rev-parse --symbolic-full-name devel@{u}
> git rev-list --left-right devel...refs/remotes/origin/devel
> git for-each-ref --format %(refname) %(objectname) --sort -committerdate
> git remote --verbose
> git status -z -u
> git symbolic-ref --short HEAD
> git rev-parse devel
> git rev-parse --symbolic-full-name devel@{u}
> git rev-list --left-right devel...refs/remotes/origin/devel
> git for-each-ref --format %(refname) %(objectname) --sort -committerdate
> git remote --verbose
> git status -z -u
> git symbolic-ref --short HEAD
> git rev-parse devel
> git rev-parse --symbolic-full-name devel@{u}
> git rev-list --left-right devel...refs/remotes/origin/devel
> git for-each-ref --format %(refname) %(objectname) --sort -committerdate
> git remote --verbose
> git status -z -u
> git symbolic-ref --short HEAD
> git rev-parse devel
> git rev-parse --symbolic-full-name devel@{u}
> git rev-list --left-right devel...refs/remotes/origin/devel
> git for-each-ref --format %(refname) %(objectname) --sort -committerdate
> git remote --verbose
> git status -z -u
> git symbolic-ref --short HEAD
> git rev-parse devel
> git rev-parse --symbolic-full-name devel@{u}
> git rev-list --left-right devel...refs/remotes/origin/devel
> git for-each-ref --format %(refname) %(objectname) --sort -committerdate
> git remote --verbose
> git status -z -u
> git symbolic-ref --short HEAD
> git rev-parse devel
> git rev-parse --symbolic-full-name devel@{u}
> git rev-list --left-right devel...refs/remotes/origin/devel
> git for-each-ref --format %(refname) %(objectname) --sort -committerdate
> git remote --verbose
> git status -z -u
> git symbolic-ref --short HEAD
> git rev-parse devel
> git rev-parse --symbolic-full-name devel@{u}
> git rev-list --left-right devel...refs/remotes/origin/devel
> git for-each-ref --format %(refname) %(objectname) --sort -committerdate
> git remote --verbose
> git status -z -u
> git symbolic-ref --short HEAD
> git rev-parse devel
> git rev-parse --symbolic-full-name devel@{u}
> git rev-list --left-right devel...refs/remotes/origin/devel
> git for-each-ref --format %(refname) %(objectname) --sort -committerdate
> git remote --verbose
> git status -z -u
> git symbolic-ref --short HEAD
> git rev-parse devel
> git rev-parse --symbolic-full-name devel@{u}
> git rev-list --left-right devel...refs/remotes/origin/devel
> git for-each-ref --format %(refname) %(objectname) --sort -committerdate
> git remote --verbose
> git show :LICENSE
> git show :example/vector_field.js
