[2019-12-15 01:50:36.814] [exthost] [info] extension host started
[2019-12-15 01:50:37.157] [exthost] [info] ExtensionService#_doActivateExtension vscode.debug-auto-launch {"startup":true,"extensionId":{"value":"vscode.debug-auto-launch","_lower":"vscode.debug-auto-launch"},"activationEvent":"*"}
[2019-12-15 01:50:37.158] [exthost] [info] ExtensionService#loadCommonJSModule file:///usr/lib/code/extensions/debug-auto-launch/dist/extension
[2019-12-15 01:50:37.192] [exthost] [info] ExtensionService#_doActivateExtension vscode.emmet {"startup":true,"extensionId":{"value":"vscode.emmet","_lower":"vscode.emmet"},"activationEvent":"*"}
[2019-12-15 01:50:37.192] [exthost] [info] ExtensionService#loadCommonJSModule file:///usr/lib/code/extensions/emmet/dist/extension
[2019-12-15 01:50:37.296] [exthost] [info] ExtensionService#_doActivateExtension vscode.git {"startup":true,"extensionId":{"value":"vscode.git","_lower":"vscode.git"},"activationEvent":"*"}
[2019-12-15 01:50:37.297] [exthost] [info] ExtensionService#loadCommonJSModule file:///usr/lib/code/extensions/git/dist/main
[2019-12-15 01:50:37.592] [exthost] [info] ExtensionService#_doActivateExtension vscode.merge-conflict {"startup":true,"extensionId":{"value":"vscode.merge-conflict","_lower":"vscode.merge-conflict"},"activationEvent":"*"}
[2019-12-15 01:50:37.592] [exthost] [info] ExtensionService#loadCommonJSModule file:///usr/lib/code/extensions/merge-conflict/dist/extension
[2019-12-15 01:50:37.615] [exthost] [info] ExtensionService#_doActivateExtension vscode.search-result {"startup":true,"extensionId":{"value":"vscode.search-result","_lower":"vscode.search-result"},"activationEvent":"*"}
[2019-12-15 01:50:37.615] [exthost] [info] ExtensionService#loadCommonJSModule file:///usr/lib/code/extensions/search-result/dist/extension.js
[2019-12-15 01:50:37.629] [exthost] [info] ExtensionService#_doActivateExtension Equinusocio.vsc-material-theme {"startup":true,"extensionId":{"value":"Equinusocio.vsc-material-theme","_lower":"equinusocio.vsc-material-theme"},"activationEvent":"*"}
[2019-12-15 01:50:37.630] [exthost] [info] ExtensionService#loadCommonJSModule file:///home/weet/.vscode-oss/extensions/equinusocio.vsc-material-theme-30.0.0/out/src/material.theme.config
[2019-12-15 01:50:37.741] [exthost] [info] ExtensionService#_doActivateExtension KnisterPeter.vscode-github {"startup":true,"extensionId":{"value":"KnisterPeter.vscode-github","_lower":"knisterpeter.vscode-github"},"activationEvent":"*"}
[2019-12-15 01:50:37.743] [exthost] [info] ExtensionService#loadCommonJSModule file:///home/weet/.vscode-oss/extensions/knisterpeter.vscode-github-0.30.3/out/src/main
[2019-12-15 01:50:38.606] [exthost] [info] ExtensionService#_doActivateExtension ms-vsliveshare.vsliveshare {"startup":true,"extensionId":{"value":"ms-vsliveshare.vsliveshare","_lower":"ms-vsliveshare.vsliveshare"},"activationEvent":"*"}
[2019-12-15 01:50:38.606] [exthost] [info] ExtensionService#loadCommonJSModule file:///home/weet/.vscode-oss/extensions/ms-vsliveshare.vsliveshare-1.0.1375/out/prod/extension-prod
[2019-12-15 01:50:39.227] [exthost] [info] ExtensionService#_doActivateExtension shardulm94.trailing-spaces {"startup":true,"extensionId":{"value":"shardulm94.trailing-spaces","_lower":"shardulm94.trailing-spaces"},"activationEvent":"*"}
[2019-12-15 01:50:39.227] [exthost] [info] ExtensionService#loadCommonJSModule file:///home/weet/.vscode-oss/extensions/shardulm94.trailing-spaces-0.3.1/out/src/extension
[2019-12-15 01:50:39.280] [exthost] [info] ExtensionService#_doActivateExtension slevesque.vscode-hexdump {"startup":true,"extensionId":{"value":"slevesque.vscode-hexdump","_lower":"slevesque.vscode-hexdump"},"activationEvent":"*"}
[2019-12-15 01:50:39.280] [exthost] [info] ExtensionService#loadCommonJSModule file:///home/weet/.vscode-oss/extensions/slevesque.vscode-hexdump-1.7.2/out/src/extension
[2019-12-15 01:50:39.413] [exthost] [info] ExtensionService#_doActivateExtension spikespaz.vscode-smoothtype {"startup":true,"extensionId":{"value":"spikespaz.vscode-smoothtype","_lower":"spikespaz.vscode-smoothtype"},"activationEvent":"*"}
[2019-12-15 01:50:39.413] [exthost] [info] ExtensionService#loadCommonJSModule file:///home/weet/.vscode-oss/extensions/spikespaz.vscode-smoothtype-1.2.0/extension
[2019-12-15 01:50:39.426] [exthost] [info] ExtensionService#_doActivateExtension streetsidesoftware.code-spell-checker {"startup":true,"extensionId":{"value":"streetsidesoftware.code-spell-checker","_lower":"streetsidesoftware.code-spell-checker"},"activationEvent":"*"}
[2019-12-15 01:50:39.426] [exthost] [info] ExtensionService#loadCommonJSModule file:///home/weet/.vscode-oss/extensions/streetsidesoftware.code-spell-checker-1.7.20/dist/extension
[2019-12-15 01:50:39.486] [exthost] [info] ExtensionService#_doActivateExtension xiaomingplus.type-music {"startup":true,"extensionId":{"value":"xiaomingplus.type-music","_lower":"xiaomingplus.type-music"},"activationEvent":"*"}
[2019-12-15 01:50:39.486] [exthost] [info] ExtensionService#loadCommonJSModule file:///home/weet/.vscode-oss/extensions/xiaomingplus.type-music-0.0.3/out/extension
[2019-12-15 01:50:39.641] [exthost] [info] ExtensionService#_doActivateExtension rust-lang.rust {"startup":true,"extensionId":{"value":"rust-lang.rust","_lower":"rust-lang.rust"},"activationEvent":"workspaceContains:Cargo.toml"}
[2019-12-15 01:50:39.641] [exthost] [info] ExtensionService#loadCommonJSModule file:///home/weet/.vscode-oss/extensions/rust-lang.rust-0.7.0/out/src/extension.js
[2019-12-15 01:50:40.043] [exthost] [info] ExtensionService#_doActivateExtension vscode.npm {"startup":true,"extensionId":{"value":"vscode.npm","_lower":"vscode.npm"},"activationEvent":"workspaceContains:package.json"}
[2019-12-15 01:50:40.043] [exthost] [info] ExtensionService#loadCommonJSModule file:///usr/lib/code/extensions/npm/dist/main
[2019-12-15 01:50:40.604] [exthost] [info] eager extensions activated
[2019-12-15 01:51:11.286] [exthost] [info] ExtensionService#_doActivateExtension kalitaalexey.vscode-rust {"startup":false,"extensionId":{"value":"kalitaalexey.vscode-rust","_lower":"kalitaalexey.vscode-rust"},"activationEvent":"onLanguage:rust"}
[2019-12-15 01:51:11.287] [exthost] [info] ExtensionService#loadCommonJSModule file:///home/weet/.vscode-oss/extensions/kalitaalexey.vscode-rust-0.4.2/out/src/extension
[2019-12-15 02:08:49.408] [exthost] [info] ExtensionService#_doActivateExtension bungcip.better-toml {"startup":false,"extensionId":{"value":"bungcip.better-toml","_lower":"bungcip.better-toml"},"activationEvent":"onLanguage:toml"}
[2019-12-15 02:08:49.410] [exthost] [info] ExtensionService#loadCommonJSModule file:///home/weet/.vscode-oss/extensions/bungcip.better-toml-0.3.2/out/src/extension
[2019-12-15 02:10:23.294] [exthost] [info] ExtensionService#_doActivateExtension vscode.extension-editing {"startup":false,"extensionId":{"value":"vscode.extension-editing","_lower":"vscode.extension-editing"},"activationEvent":"onLanguage:markdown"}
[2019-12-15 02:10:23.294] [exthost] [info] ExtensionService#loadCommonJSModule file:///usr/lib/code/extensions/extension-editing/dist/extension
[2019-12-15 02:10:23.320] [exthost] [info] ExtensionService#_doActivateExtension vscode.markdown-language-features {"startup":false,"extensionId":{"value":"vscode.markdown-language-features","_lower":"vscode.markdown-language-features"},"activationEvent":"onLanguage:markdown"}
[2019-12-15 02:10:23.320] [exthost] [info] ExtensionService#loadCommonJSModule file:///usr/lib/code/extensions/markdown-language-features/dist/extension
