[2019-11-02 12:52:58.417] [renderer1] [warning] UNRESPONSIVE extension host, 'rust-lang.rust' took 92% of 535.05ms, saved PROFILE here: '/tmp/exthost-f469b0.cpuprofile' [{"id":"rust-lang.rust","total":492967,"percentage":92},{"id":"vscode.git","total":13431,"percentage":3}]
[2019-11-02 13:04:19.745] [renderer1] [error] An unknown error occurred. Please consult the log for more details.
[2019-11-02 13:04:21.674] [renderer1] [error] An unknown error occurred. Please consult the log for more details.
[2019-11-02 13:04:23.164] [renderer1] [error] An unknown error occurred. Please consult the log for more details.
[2019-11-02 13:04:24.420] [renderer1] [error] An unknown error occurred. Please consult the log for more details.
[2019-11-02 13:04:26.872] [renderer1] [error] An unknown error occurred. Please consult the log for more details.
[2019-11-02 13:04:28.009] [renderer1] [error] An unknown error occurred. Please consult the log for more details.
[2019-11-02 13:04:29.076] [renderer1] [error] An unknown error occurred. Please consult the log for more details.
[2019-11-02 13:04:30.215] [renderer1] [error] An unknown error occurred. Please consult the log for more details.
[2019-11-02 13:04:31.462] [renderer1] [error] An unknown error occurred. Please consult the log for more details.
[2019-11-02 13:04:32.829] [renderer1] [error] An unknown error occurred. Please consult the log for more details.
[2019-11-02 13:04:34.332] [renderer1] [error] An unknown error occurred. Please consult the log for more details.
[2019-11-02 13:04:35.419] [renderer1] [error] An unknown error occurred. Please consult the log for more details.
[2019-11-02 13:04:39.684] [renderer1] [error] An unknown error occurred. Please consult the log for more details.
[2019-11-02 13:04:40.859] [renderer1] [error] An unknown error occurred. Please consult the log for more details.
[2019-11-02 13:04:42.018] [renderer1] [error] An unknown error occurred. Please consult the log for more details.
[2019-11-02 13:04:43.424] [renderer1] [error] An unknown error occurred. Please consult the log for more details.
[2019-11-02 13:04:44.731] [renderer1] [error] An unknown error occurred. Please consult the log for more details.
[2019-11-02 13:04:45.833] [renderer1] [error] An unknown error occurred. Please consult the log for more details.
[2019-11-02 13:04:47.489] [renderer1] [error] An unknown error occurred. Please consult the log for more details.
[2019-11-02 13:06:22.799] [renderer1] [error] An unknown error occurred. Please consult the log for more details.
[2019-11-02 13:06:23.828] [renderer1] [error] An unknown error occurred. Please consult the log for more details.
[2019-11-02 13:06:25.656] [renderer1] [error] An unknown error occurred. Please consult the log for more details.
[2019-11-02 13:06:32.806] [renderer1] [error] An unknown error occurred. Please consult the log for more details.
[2019-11-02 13:06:40.332] [renderer1] [error] An unknown error occurred. Please consult the log for more details.
[2019-11-02 13:06:41.361] [renderer1] [error] An unknown error occurred. Please consult the log for more details.
[2019-11-02 13:06:42.669] [renderer1] [error] An unknown error occurred. Please consult the log for more details.
[2019-11-02 13:06:43.732] [renderer1] [error] An unknown error occurred. Please consult the log for more details.
[2019-11-02 13:06:50.357] [renderer1] [error] An unknown error occurred. Please consult the log for more details.
[2019-11-02 13:06:51.493] [renderer1] [error] An unknown error occurred. Please consult the log for more details.
[2019-11-02 13:06:52.615] [renderer1] [error] An unknown error occurred. Please consult the log for more details.
[2019-11-02 13:06:55.134] [renderer1] [error] An unknown error occurred. Please consult the log for more details.
[2019-11-02 13:06:56.375] [renderer1] [error] An unknown error occurred. Please consult the log for more details.
[2019-11-02 13:07:03.798] [renderer1] [error] An unknown error occurred. Please consult the log for more details.
[2019-11-02 13:07:28.581] [renderer1] [error] An unknown error occurred. Please consult the log for more details.
[2019-11-02 13:07:30.245] [renderer1] [error] An unknown error occurred. Please consult the log for more details.
[2019-11-02 13:07:31.069] [renderer1] [error] Cannot read property 'value' of undefined: TypeError: Cannot read property 'value' of undefined
	at SignatureHelpProvider.hoverToSignatureHelp (/home/weet/.vscode-oss/extensions/rust-lang.rust-0.7.0/out/src/providers/signatureHelpProvider.js:75:41)
	at provideSignatureHelp.provideHover.then.hover (/home/weet/.vscode-oss/extensions/rust-lang.rust-0.7.0/out/src/providers/signatureHelpProvider.js:15:105)
[2019-11-02 13:07:31.099] [renderer1] [error] An unknown error occurred. Please consult the log for more details.
[2019-11-02 13:07:33.541] [renderer1] [error] An unknown error occurred. Please consult the log for more details.
[2019-11-02 13:07:44.090] [renderer1] [error] An unknown error occurred. Please consult the log for more details.
[2019-11-02 13:07:45.385] [renderer1] [error] An unknown error occurred. Please consult the log for more details.
[2019-11-02 13:07:46.416] [renderer1] [error] An unknown error occurred. Please consult the log for more details.
[2019-11-02 13:07:47.726] [renderer1] [error] An unknown error occurred. Please consult the log for more details.
[2019-11-02 13:08:40.646] [renderer1] [error] An unknown error occurred. Please consult the log for more details.
[2019-11-02 13:08:42.622] [renderer1] [error] An unknown error occurred. Please consult the log for more details.
[2019-11-02 13:08:43.669] [renderer1] [error] An unknown error occurred. Please consult the log for more details.
[2019-11-02 13:08:44.822] [renderer1] [error] An unknown error occurred. Please consult the log for more details.
[2019-11-02 13:08:53.186] [renderer1] [error] An unknown error occurred. Please consult the log for more details.
[2019-11-02 13:08:56.644] [renderer1] [error] An unknown error occurred. Please consult the log for more details.
[2019-11-02 13:08:57.974] [renderer1] [error] An unknown error occurred. Please consult the log for more details.
[2019-11-02 13:08:59.515] [renderer1] [error] An unknown error occurred. Please consult the log for more details.
[2019-11-02 13:09:00.568] [renderer1] [error] An unknown error occurred. Please consult the log for more details.
[2019-11-02 13:09:06.177] [renderer1] [error] An unknown error occurred. Please consult the log for more details.
[2019-11-02 13:09:17.199] [renderer1] [error] An unknown error occurred. Please consult the log for more details.
[2019-11-02 13:09:18.231] [renderer1] [error] An unknown error occurred. Please consult the log for more details.
[2019-11-02 13:09:20.646] [renderer1] [error] An unknown error occurred. Please consult the log for more details.
[2019-11-02 13:09:23.001] [renderer1] [error] An unknown error occurred. Please consult the log for more details.
[2019-11-02 13:09:25.323] [renderer1] [error] An unknown error occurred. Please consult the log for more details.
[2019-11-02 13:09:26.502] [renderer1] [error] An unknown error occurred. Please consult the log for more details.
[2019-11-02 13:09:39.440] [renderer1] [error] An unknown error occurred. Please consult the log for more details.
[2019-11-02 13:09:40.606] [renderer1] [error] An unknown error occurred. Please consult the log for more details.
[2019-11-02 13:09:42.391] [renderer1] [error] Cannot read property 'value' of undefined: TypeError: Cannot read property 'value' of undefined
	at SignatureHelpProvider.hoverToSignatureHelp (/home/weet/.vscode-oss/extensions/rust-lang.rust-0.7.0/out/src/providers/signatureHelpProvider.js:75:41)
	at provideSignatureHelp.provideHover.then.hover (/home/weet/.vscode-oss/extensions/rust-lang.rust-0.7.0/out/src/providers/signatureHelpProvider.js:15:105)
[2019-11-02 13:09:42.540] [renderer1] [error] An unknown error occurred. Please consult the log for more details.
[2019-11-02 13:09:43.648] [renderer1] [error] An unknown error occurred. Please consult the log for more details.
[2019-11-02 13:09:44.910] [renderer1] [error] An unknown error occurred. Please consult the log for more details.
[2019-11-02 13:09:54.108] [renderer1] [error] An unknown error occurred. Please consult the log for more details.
[2019-11-02 13:09:55.706] [renderer1] [error] An unknown error occurred. Please consult the log for more details.
[2019-11-02 13:09:57.404] [renderer1] [error] An unknown error occurred. Please consult the log for more details.
[2019-11-02 13:13:00.316] [renderer1] [error] An unknown error occurred. Please consult the log for more details.
[2019-11-02 13:13:01.499] [renderer1] [error] An unknown error occurred. Please consult the log for more details.
[2019-11-02 13:14:01.508] [renderer1] [error] An unknown error occurred. Please consult the log for more details.
[2019-11-02 13:14:02.867] [renderer1] [error] An unknown error occurred. Please consult the log for more details.
[2019-11-02 13:14:04.309] [renderer1] [error] An unknown error occurred. Please consult the log for more details.
[2019-11-02 13:14:06.135] [renderer1] [error] An unknown error occurred. Please consult the log for more details.
[2019-11-02 13:14:09.121] [renderer1] [error] An unknown error occurred. Please consult the log for more details.
[2019-11-02 13:14:10.365] [renderer1] [error] An unknown error occurred. Please consult the log for more details.
[2019-11-02 13:14:11.817] [renderer1] [error] An unknown error occurred. Please consult the log for more details.
[2019-11-02 13:14:13.456] [renderer1] [error] An unknown error occurred. Please consult the log for more details.
[2019-11-02 13:14:14.521] [renderer1] [error] An unknown error occurred. Please consult the log for more details.
[2019-11-02 13:14:39.968] [renderer1] [error] An unknown error occurred. Please consult the log for more details.
[2019-11-02 13:14:41.030] [renderer1] [error] An unknown error occurred. Please consult the log for more details.
[2019-11-02 13:14:42.287] [renderer1] [error] An unknown error occurred. Please consult the log for more details.
[2019-11-02 13:14:43.423] [renderer1] [error] An unknown error occurred. Please consult the log for more details.
[2019-11-02 13:14:44.755] [renderer1] [error] An unknown error occurred. Please consult the log for more details.
[2019-11-02 13:14:46.164] [renderer1] [error] An unknown error occurred. Please consult the log for more details.
[2019-11-02 13:14:47.927] [renderer1] [error] An unknown error occurred. Please consult the log for more details.
[2019-11-02 13:14:58.705] [renderer1] [error] An unknown error occurred. Please consult the log for more details.
[2019-11-02 13:14:59.921] [renderer1] [error] An unknown error occurred. Please consult the log for more details.
[2019-11-02 13:15:01.603] [renderer1] [error] An unknown error occurred. Please consult the log for more details.
[2019-11-02 13:15:03.115] [renderer1] [error] An unknown error occurred. Please consult the log for more details.
[2019-11-02 13:15:13.190] [renderer1] [error] An unknown error occurred. Please consult the log for more details.
[2019-11-02 13:15:15.958] [renderer1] [error] An unknown error occurred. Please consult the log for more details.
[2019-11-02 13:15:18.045] [renderer1] [error] An unknown error occurred. Please consult the log for more details.
[2019-11-02 13:15:19.266] [renderer1] [error] An unknown error occurred. Please consult the log for more details.
[2019-11-02 13:15:21.146] [renderer1] [error] An unknown error occurred. Please consult the log for more details.
[2019-11-02 13:15:22.523] [renderer1] [error] An unknown error occurred. Please consult the log for more details.
[2019-11-02 13:15:23.694] [renderer1] [error] An unknown error occurred. Please consult the log for more details.
[2019-11-02 13:15:24.903] [renderer1] [error] An unknown error occurred. Please consult the log for more details.
[2019-11-02 13:15:32.368] [renderer1] [error] An unknown error occurred. Please consult the log for more details.
[2019-11-02 13:15:33.672] [renderer1] [error] An unknown error occurred. Please consult the log for more details.
[2019-11-02 13:15:38.329] [renderer1] [error] An unknown error occurred. Please consult the log for more details.
[2019-11-02 13:15:43.037] [renderer1] [error] An unknown error occurred. Please consult the log for more details.
[2019-11-02 13:15:45.414] [renderer1] [error] An unknown error occurred. Please consult the log for more details.
[2019-11-02 13:15:47.155] [renderer1] [error] An unknown error occurred. Please consult the log for more details.
[2019-11-02 13:15:48.891] [renderer1] [error] An unknown error occurred. Please consult the log for more details.
[2019-11-02 13:15:52.013] [renderer1] [error] An unknown error occurred. Please consult the log for more details.
[2019-11-02 13:15:53.425] [renderer1] [error] An unknown error occurred. Please consult the log for more details.
[2019-11-02 13:15:54.709] [renderer1] [error] An unknown error occurred. Please consult the log for more details.
[2019-11-02 13:15:56.566] [renderer1] [error] An unknown error occurred. Please consult the log for more details.
[2019-11-02 13:15:58.880] [renderer1] [error] An unknown error occurred. Please consult the log for more details.
[2019-11-02 13:15:59.899] [renderer1] [error] An unknown error occurred. Please consult the log for more details.
[2019-11-02 13:16:01.043] [renderer1] [error] An unknown error occurred. Please consult the log for more details.
[2019-11-02 13:16:03.434] [renderer1] [error] An unknown error occurred. Please consult the log for more details.
[2019-11-02 13:16:04.969] [renderer1] [error] An unknown error occurred. Please consult the log for more details.
[2019-11-02 13:16:06.506] [renderer1] [error] An unknown error occurred. Please consult the log for more details.
[2019-11-02 13:16:07.523] [renderer1] [error] An unknown error occurred. Please consult the log for more details.
[2019-11-02 13:16:08.938] [renderer1] [error] An unknown error occurred. Please consult the log for more details.
[2019-11-02 13:16:10.043] [renderer1] [error] An unknown error occurred. Please consult the log for more details.
[2019-11-02 13:16:11.058] [renderer1] [error] An unknown error occurred. Please consult the log for more details.
[2019-11-02 13:16:12.122] [renderer1] [error] An unknown error occurred. Please consult the log for more details.
[2019-11-02 13:16:13.615] [renderer1] [error] An unknown error occurred. Please consult the log for more details.
[2019-11-02 13:16:14.855] [renderer1] [error] An unknown error occurred. Please consult the log for more details.
[2019-11-02 13:16:19.214] [renderer1] [error] An unknown error occurred. Please consult the log for more details.
[2019-11-02 13:16:20.422] [renderer1] [error] An unknown error occurred. Please consult the log for more details.
[2019-11-02 13:16:23.600] [renderer1] [error] An unknown error occurred. Please consult the log for more details.
[2019-11-02 13:16:28.612] [renderer1] [error] An unknown error occurred. Please consult the log for more details.
[2019-11-02 13:16:29.991] [renderer1] [error] An unknown error occurred. Please consult the log for more details.
[2019-11-02 13:16:31.059] [renderer1] [error] An unknown error occurred. Please consult the log for more details.
[2019-11-02 13:16:37.593] [renderer1] [error] An unknown error occurred. Please consult the log for more details.
[2019-11-02 13:16:39.409] [renderer1] [error] An unknown error occurred. Please consult the log for more details.
[2019-11-02 13:16:40.566] [renderer1] [error] An unknown error occurred. Please consult the log for more details.
[2019-11-02 13:16:42.151] [renderer1] [error] An unknown error occurred. Please consult the log for more details.
[2019-11-02 13:16:43.768] [renderer1] [error] An unknown error occurred. Please consult the log for more details.
[2019-11-02 13:16:46.355] [renderer1] [error] An unknown error occurred. Please consult the log for more details.
[2019-11-02 13:16:47.518] [renderer1] [error] An unknown error occurred. Please consult the log for more details.
[2019-11-02 13:16:49.276] [renderer1] [error] An unknown error occurred. Please consult the log for more details.
[2019-11-02 13:16:50.319] [renderer1] [error] An unknown error occurred. Please consult the log for more details.
[2019-11-02 13:16:52.883] [renderer1] [error] An unknown error occurred. Please consult the log for more details.
[2019-11-02 13:16:57.600] [renderer1] [error] An unknown error occurred. Please consult the log for more details.
[2019-11-02 13:16:59.965] [renderer1] [error] An unknown error occurred. Please consult the log for more details.
[2019-11-02 13:17:06.027] [renderer1] [error] An unknown error occurred. Please consult the log for more details.
[2019-11-02 13:17:07.283] [renderer1] [error] An unknown error occurred. Please consult the log for more details.
[2019-11-02 13:17:09.006] [renderer1] [error] An unknown error occurred. Please consult the log for more details.
[2019-11-02 13:17:15.207] [renderer1] [error] An unknown error occurred. Please consult the log for more details.
[2019-11-02 13:17:17.114] [renderer1] [error] An unknown error occurred. Please consult the log for more details.
[2019-11-02 13:18:22.978] [renderer1] [error] An unknown error occurred. Please consult the log for more details.
[2019-11-02 13:18:37.931] [renderer1] [error] An unknown error occurred. Please consult the log for more details.
[2019-11-02 13:18:40.573] [renderer1] [error] An unknown error occurred. Please consult the log for more details.
[2019-11-02 13:18:49.971] [renderer1] [error] An unknown error occurred. Please consult the log for more details.
[2019-11-02 13:19:22.590] [renderer1] [error] An unknown error occurred. Please consult the log for more details.
[2019-11-02 13:19:24.525] [renderer1] [error] An unknown error occurred. Please consult the log for more details.
[2019-11-02 13:19:29.343] [renderer1] [error] An unknown error occurred. Please consult the log for more details.
[2019-11-02 13:19:30.670] [renderer1] [error] An unknown error occurred. Please consult the log for more details.
[2019-11-02 13:19:31.700] [renderer1] [error] An unknown error occurred. Please consult the log for more details.
[2019-11-02 13:19:46.846] [renderer1] [error] An unknown error occurred. Please consult the log for more details.
[2019-11-02 13:26:19.896] [renderer1] [error] An unknown error occurred. Please consult the log for more details.
[2019-11-02 13:26:28.681] [renderer1] [error] An unknown error occurred. Please consult the log for more details.
[2019-11-02 13:26:32.441] [renderer1] [error] An unknown error occurred. Please consult the log for more details.
[2019-11-02 13:26:45.893] [renderer1] [error] An unknown error occurred. Please consult the log for more details.
[2019-11-02 13:26:54.219] [renderer1] [error] An unknown error occurred. Please consult the log for more details.
[2019-11-02 13:26:55.641] [renderer1] [error] An unknown error occurred. Please consult the log for more details.
[2019-11-02 13:26:56.678] [renderer1] [error] An unknown error occurred. Please consult the log for more details.
[2019-11-02 13:26:57.804] [renderer1] [error] An unknown error occurred. Please consult the log for more details.
[2019-11-02 13:27:02.528] [renderer1] [error] An unknown error occurred. Please consult the log for more details.
[2019-11-02 13:27:04.149] [renderer1] [error] An unknown error occurred. Please consult the log for more details.
[2019-11-02 13:27:05.303] [renderer1] [error] An unknown error occurred. Please consult the log for more details.
[2019-11-02 13:27:06.367] [renderer1] [error] An unknown error occurred. Please consult the log for more details.
[2019-11-02 13:27:08.432] [renderer1] [error] An unknown error occurred. Please consult the log for more details.
[2019-11-02 13:27:09.514] [renderer1] [error] An unknown error occurred. Please consult the log for more details.
[2019-11-02 13:27:10.856] [renderer1] [error] An unknown error occurred. Please consult the log for more details.
[2019-11-02 13:27:12.957] [renderer1] [error] An unknown error occurred. Please consult the log for more details.
[2019-11-02 13:27:14.350] [renderer1] [error] An unknown error occurred. Please consult the log for more details.
[2019-11-02 13:27:15.525] [renderer1] [error] An unknown error occurred. Please consult the log for more details.
[2019-11-02 13:27:31.994] [renderer1] [error] An unknown error occurred. Please consult the log for more details.
[2019-11-02 13:27:33.180] [renderer1] [error] An unknown error occurred. Please consult the log for more details.
[2019-11-02 13:27:35.052] [renderer1] [error] An unknown error occurred. Please consult the log for more details.
[2019-11-02 13:27:41.024] [renderer1] [error] An unknown error occurred. Please consult the log for more details.
[2019-11-02 13:27:42.773] [renderer1] [error] An unknown error occurred. Please consult the log for more details.
[2019-11-02 13:27:44.189] [renderer1] [error] An unknown error occurred. Please consult the log for more details.
[2019-11-02 13:27:45.446] [renderer1] [error] An unknown error occurred. Please consult the log for more details.
[2019-11-02 13:27:46.741] [renderer1] [error] An unknown error occurred. Please consult the log for more details.
[2019-11-02 13:27:49.088] [renderer1] [error] An unknown error occurred. Please consult the log for more details.
[2019-11-02 13:27:50.660] [renderer1] [error] An unknown error occurred. Please consult the log for more details.
[2019-11-02 13:27:51.868] [renderer1] [error] An unknown error occurred. Please consult the log for more details.
[2019-11-02 13:28:43.169] [renderer1] [error] An unknown error occurred. Please consult the log for more details.
[2019-11-02 13:28:44.248] [renderer1] [error] An unknown error occurred. Please consult the log for more details.
[2019-11-02 13:28:45.293] [renderer1] [error] An unknown error occurred. Please consult the log for more details.
[2019-11-02 13:28:46.544] [renderer1] [error] An unknown error occurred. Please consult the log for more details.
[2019-11-02 13:51:35.197] [renderer1] [error] An unknown error occurred. Please consult the log for more details.
[2019-11-02 13:52:47.472] [renderer1] [error] An unknown error occurred. Please consult the log for more details.
[2019-11-02 13:52:52.140] [renderer1] [error] An unknown error occurred. Please consult the log for more details.
[2019-11-02 13:52:55.824] [renderer1] [error] An unknown error occurred. Please consult the log for more details.
[2019-11-02 13:53:01.817] [renderer1] [error] An unknown error occurred. Please consult the log for more details.
[2019-11-02 13:53:03.421] [renderer1] [error] An unknown error occurred. Please consult the log for more details.
[2019-11-02 13:53:05.051] [renderer1] [error] An unknown error occurred. Please consult the log for more details.
[2019-11-02 13:54:01.450] [renderer1] [error] An unknown error occurred. Please consult the log for more details.
[2019-11-02 13:54:03.471] [renderer1] [error] An unknown error occurred. Please consult the log for more details.
[2019-11-02 13:54:04.973] [renderer1] [error] An unknown error occurred. Please consult the log for more details.
[2019-11-02 13:54:06.327] [renderer1] [error] An unknown error occurred. Please consult the log for more details.
[2019-11-02 13:54:07.534] [renderer1] [error] An unknown error occurred. Please consult the log for more details.
[2019-11-02 13:54:09.199] [renderer1] [error] An unknown error occurred. Please consult the log for more details.
[2019-11-02 13:54:10.253] [renderer1] [error] An unknown error occurred. Please consult the log for more details.
[2019-11-02 13:54:11.287] [renderer1] [error] An unknown error occurred. Please consult the log for more details.
[2019-11-02 13:54:12.994] [renderer1] [error] An unknown error occurred. Please consult the log for more details.
[2019-11-02 13:54:19.967] [renderer1] [error] An unknown error occurred. Please consult the log for more details.
[2019-11-02 13:54:23.730] [renderer1] [error] An unknown error occurred. Please consult the log for more details.
[2019-11-02 13:54:28.237] [renderer1] [error] An unknown error occurred. Please consult the log for more details.
[2019-11-02 13:58:28.935] [renderer1] [error] An unknown error occurred. Please consult the log for more details.
[2019-11-02 13:58:41.019] [renderer1] [error] An unknown error occurred. Please consult the log for more details.
[2019-11-02 13:58:43.711] [renderer1] [error] An unknown error occurred. Please consult the log for more details.
[2019-11-02 13:59:10.833] [renderer1] [error] An unknown error occurred. Please consult the log for more details.
[2019-11-02 13:59:12.284] [renderer1] [error] An unknown error occurred. Please consult the log for more details.
[2019-11-02 13:59:13.624] [renderer1] [error] An unknown error occurred. Please consult the log for more details.
[2019-11-02 13:59:15.030] [renderer1] [error] An unknown error occurred. Please consult the log for more details.
[2019-11-02 13:59:16.109] [renderer1] [error] An unknown error occurred. Please consult the log for more details.
[2019-11-02 13:59:17.952] [renderer1] [error] An unknown error occurred. Please consult the log for more details.
[2019-11-02 13:59:19.796] [renderer1] [error] An unknown error occurred. Please consult the log for more details.
[2019-11-02 13:59:21.325] [renderer1] [error] An unknown error occurred. Please consult the log for more details.
[2019-11-02 13:59:24.479] [renderer1] [error] An unknown error occurred. Please consult the log for more details.
[2019-11-02 13:59:26.002] [renderer1] [error] An unknown error occurred. Please consult the log for more details.
[2019-11-02 13:59:27.911] [renderer1] [error] An unknown error occurred. Please consult the log for more details.
[2019-11-02 13:59:29.049] [renderer1] [error] An unknown error occurred. Please consult the log for more details.
[2019-11-02 13:59:34.204] [renderer1] [error] An unknown error occurred. Please consult the log for more details.
[2019-11-02 13:59:35.899] [renderer1] [error] An unknown error occurred. Please consult the log for more details.
[2019-11-02 13:59:37.421] [renderer1] [error] An unknown error occurred. Please consult the log for more details.
[2019-11-02 13:59:38.664] [renderer1] [error] An unknown error occurred. Please consult the log for more details.
[2019-11-02 13:59:40.123] [renderer1] [error] An unknown error occurred. Please consult the log for more details.
[2019-11-02 13:59:41.323] [renderer1] [error] An unknown error occurred. Please consult the log for more details.
[2019-11-02 13:59:42.522] [renderer1] [error] An unknown error occurred. Please consult the log for more details.
[2019-11-02 13:59:43.915] [renderer1] [error] An unknown error occurred. Please consult the log for more details.
[2019-11-02 13:59:45.328] [renderer1] [error] An unknown error occurred. Please consult the log for more details.
[2019-11-02 13:59:48.918] [renderer1] [error] An unknown error occurred. Please consult the log for more details.
[2019-11-02 13:59:53.670] [renderer1] [error] An unknown error occurred. Please consult the log for more details.
[2019-11-02 13:59:57.693] [renderer1] [error] An unknown error occurred. Please consult the log for more details.
[2019-11-02 13:59:58.787] [renderer1] [error] An unknown error occurred. Please consult the log for more details.
[2019-11-02 14:00:00.073] [renderer1] [error] An unknown error occurred. Please consult the log for more details.
[2019-11-02 14:00:02.306] [renderer1] [error] An unknown error occurred. Please consult the log for more details.
[2019-11-02 14:00:03.371] [renderer1] [error] An unknown error occurred. Please consult the log for more details.
[2019-11-02 14:00:04.625] [renderer1] [error] An unknown error occurred. Please consult the log for more details.
[2019-11-02 14:00:05.922] [renderer1] [error] An unknown error occurred. Please consult the log for more details.
[2019-11-02 14:00:07.171] [renderer1] [error] An unknown error occurred. Please consult the log for more details.
[2019-11-02 14:00:08.387] [renderer1] [error] An unknown error occurred. Please consult the log for more details.
[2019-11-02 14:00:12.158] [renderer1] [error] An unknown error occurred. Please consult the log for more details.
[2019-11-02 14:00:14.272] [renderer1] [error] An unknown error occurred. Please consult the log for more details.
[2019-11-02 14:00:22.145] [renderer1] [error] An unknown error occurred. Please consult the log for more details.
[2019-11-02 14:00:26.452] [renderer1] [error] An unknown error occurred. Please consult the log for more details.
[2019-11-02 14:00:27.593] [renderer1] [error] An unknown error occurred. Please consult the log for more details.
[2019-11-02 14:00:29.903] [renderer1] [error] An unknown error occurred. Please consult the log for more details.
[2019-11-02 14:00:42.205] [renderer1] [error] Cannot read property 'value' of undefined: TypeError: Cannot read property 'value' of undefined
	at SignatureHelpProvider.hoverToSignatureHelp (/home/weet/.vscode-oss/extensions/rust-lang.rust-0.7.0/out/src/providers/signatureHelpProvider.js:75:41)
	at provideSignatureHelp.provideHover.then.hover (/home/weet/.vscode-oss/extensions/rust-lang.rust-0.7.0/out/src/providers/signatureHelpProvider.js:15:105)
[2019-11-02 14:00:42.363] [renderer1] [error] An unknown error occurred. Please consult the log for more details.
[2019-11-02 14:01:18.009] [renderer1] [error] An unknown error occurred. Please consult the log for more details.
[2019-11-02 14:01:19.440] [renderer1] [error] An unknown error occurred. Please consult the log for more details.
[2019-11-02 14:01:21.143] [renderer1] [error] An unknown error occurred. Please consult the log for more details.
[2019-11-02 14:01:22.215] [renderer1] [error] An unknown error occurred. Please consult the log for more details.
[2019-11-02 14:01:23.272] [renderer1] [error] An unknown error occurred. Please consult the log for more details.
[2019-11-02 14:01:24.553] [renderer1] [error] An unknown error occurred. Please consult the log for more details.
[2019-11-02 14:01:28.788] [renderer1] [error] An unknown error occurred. Please consult the log for more details.
[2019-11-02 14:01:30.171] [renderer1] [error] An unknown error occurred. Please consult the log for more details.
[2019-11-02 14:01:31.211] [renderer1] [error] An unknown error occurred. Please consult the log for more details.
[2019-11-02 14:01:32.662] [renderer1] [error] An unknown error occurred. Please consult the log for more details.
[2019-11-02 14:01:33.937] [renderer1] [error] An unknown error occurred. Please consult the log for more details.
[2019-11-02 14:01:35.168] [renderer1] [error] An unknown error occurred. Please consult the log for more details.
[2019-11-02 14:01:36.984] [renderer1] [error] An unknown error occurred. Please consult the log for more details.
[2019-11-02 14:01:38.693] [renderer1] [error] An unknown error occurred. Please consult the log for more details.
[2019-11-02 14:01:40.036] [renderer1] [error] An unknown error occurred. Please consult the log for more details.
[2019-11-02 14:01:41.804] [renderer1] [error] An unknown error occurred. Please consult the log for more details.
[2019-11-02 14:01:44.248] [renderer1] [error] An unknown error occurred. Please consult the log for more details.
[2019-11-02 14:01:45.297] [renderer1] [error] An unknown error occurred. Please consult the log for more details.
[2019-11-02 14:01:47.672] [renderer1] [error] An unknown error occurred. Please consult the log for more details.
[2019-11-02 14:01:49.838] [renderer1] [error] An unknown error occurred. Please consult the log for more details.
[2019-11-02 14:01:50.885] [renderer1] [error] An unknown error occurred. Please consult the log for more details.
[2019-11-02 14:01:52.035] [renderer1] [error] An unknown error occurred. Please consult the log for more details.
[2019-11-02 14:04:24.424] [renderer1] [error] An unknown error occurred. Please consult the log for more details.
[2019-11-02 14:04:27.422] [renderer1] [error] An unknown error occurred. Please consult the log for more details.
[2019-11-02 14:04:29.361] [renderer1] [error] An unknown error occurred. Please consult the log for more details.
[2019-11-02 14:04:36.418] [renderer1] [error] An unknown error occurred. Please consult the log for more details.
[2019-11-02 14:04:38.254] [renderer1] [error] An unknown error occurred. Please consult the log for more details.
[2019-11-02 14:04:43.152] [renderer1] [error] An unknown error occurred. Please consult the log for more details.
[2019-11-02 14:04:44.216] [renderer1] [error] An unknown error occurred. Please consult the log for more details.
[2019-11-02 14:04:45.378] [renderer1] [error] An unknown error occurred. Please consult the log for more details.
[2019-11-02 14:04:46.807] [renderer1] [error] An unknown error occurred. Please consult the log for more details.
[2019-11-02 14:04:49.587] [renderer1] [error] An unknown error occurred. Please consult the log for more details.
[2019-11-02 14:04:50.781] [renderer1] [error] An unknown error occurred. Please consult the log for more details.
[2019-11-02 14:04:52.639] [renderer1] [error] An unknown error occurred. Please consult the log for more details.
[2019-11-02 14:04:53.746] [renderer1] [error] An unknown error occurred. Please consult the log for more details.
[2019-11-02 14:04:55.022] [renderer1] [error] An unknown error occurred. Please consult the log for more details.
[2019-11-02 14:05:01.540] [renderer1] [error] An unknown error occurred. Please consult the log for more details.
[2019-11-02 14:05:03.269] [renderer1] [error] An unknown error occurred. Please consult the log for more details.
[2019-11-02 14:05:04.284] [renderer1] [error] An unknown error occurred. Please consult the log for more details.
[2019-11-02 14:05:06.107] [renderer1] [error] An unknown error occurred. Please consult the log for more details.
[2019-11-02 14:05:07.307] [renderer1] [error] An unknown error occurred. Please consult the log for more details.
[2019-11-02 14:05:08.460] [renderer1] [error] An unknown error occurred. Please consult the log for more details.
[2019-11-02 14:05:10.142] [renderer1] [error] An unknown error occurred. Please consult the log for more details.
[2019-11-02 14:05:11.280] [renderer1] [error] An unknown error occurred. Please consult the log for more details.
[2019-11-02 14:05:12.554] [renderer1] [error] An unknown error occurred. Please consult the log for more details.
[2019-11-02 14:05:14.451] [renderer1] [error] An unknown error occurred. Please consult the log for more details.
[2019-11-02 14:05:15.950] [renderer1] [error] An unknown error occurred. Please consult the log for more details.
[2019-11-02 14:05:17.840] [renderer1] [error] An unknown error occurred. Please consult the log for more details.
[2019-11-02 14:05:18.934] [renderer1] [error] An unknown error occurred. Please consult the log for more details.
[2019-11-02 14:05:20.383] [renderer1] [error] An unknown error occurred. Please consult the log for more details.
[2019-11-02 14:05:32.814] [renderer1] [error] An unknown error occurred. Please consult the log for more details.
[2019-11-02 14:05:33.871] [renderer1] [error] An unknown error occurred. Please consult the log for more details.
[2019-11-02 14:05:36.005] [renderer1] [error] An unknown error occurred. Please consult the log for more details.
[2019-11-02 14:05:40.332] [renderer1] [error] An unknown error occurred. Please consult the log for more details.
[2019-11-02 14:05:45.094] [renderer1] [error] An unknown error occurred. Please consult the log for more details.
[2019-11-02 14:05:46.708] [renderer1] [error] An unknown error occurred. Please consult the log for more details.
[2019-11-02 14:05:47.726] [renderer1] [error] An unknown error occurred. Please consult the log for more details.
[2019-11-02 14:05:49.808] [renderer1] [error] An unknown error occurred. Please consult the log for more details.
[2019-11-02 14:05:50.832] [renderer1] [error] An unknown error occurred. Please consult the log for more details.
[2019-11-02 14:05:52.263] [renderer1] [error] An unknown error occurred. Please consult the log for more details.
[2019-11-02 14:05:54.242] [renderer1] [error] An unknown error occurred. Please consult the log for more details.
[2019-11-02 14:05:55.501] [renderer1] [error] An unknown error occurred. Please consult the log for more details.
[2019-11-02 14:05:56.639] [renderer1] [error] An unknown error occurred. Please consult the log for more details.
[2019-11-02 14:05:58.278] [renderer1] [error] An unknown error occurred. Please consult the log for more details.
[2019-11-02 14:05:59.832] [renderer1] [error] An unknown error occurred. Please consult the log for more details.
[2019-11-02 14:06:00.965] [renderer1] [error] An unknown error occurred. Please consult the log for more details.
[2019-11-02 14:06:02.136] [renderer1] [error] An unknown error occurred. Please consult the log for more details.
[2019-11-02 14:06:03.279] [renderer1] [error] An unknown error occurred. Please consult the log for more details.
[2019-11-02 14:06:04.758] [renderer1] [error] An unknown error occurred. Please consult the log for more details.
[2019-11-02 14:06:06.174] [renderer1] [error] An unknown error occurred. Please consult the log for more details.
[2019-11-02 14:06:07.227] [renderer1] [error] An unknown error occurred. Please consult the log for more details.
[2019-11-02 14:06:09.152] [renderer1] [error] An unknown error occurred. Please consult the log for more details.
[2019-11-02 14:06:11.086] [renderer1] [error] An unknown error occurred. Please consult the log for more details.
[2019-11-02 14:06:16.337] [renderer1] [error] An unknown error occurred. Please consult the log for more details.
[2019-11-02 14:06:17.817] [renderer1] [error] An unknown error occurred. Please consult the log for more details.
[2019-11-02 14:06:18.888] [renderer1] [error] An unknown error occurred. Please consult the log for more details.
[2019-11-02 14:06:20.208] [renderer1] [error] An unknown error occurred. Please consult the log for more details.
[2019-11-02 14:06:22.105] [renderer1] [error] An unknown error occurred. Please consult the log for more details.
[2019-11-02 14:06:25.316] [renderer1] [error] An unknown error occurred. Please consult the log for more details.
[2019-11-02 14:06:27.749] [renderer1] [error] An unknown error occurred. Please consult the log for more details.
[2019-11-02 14:06:28.445] [renderer1] [error] Cannot read property 'value' of undefined: TypeError: Cannot read property 'value' of undefined
	at SignatureHelpProvider.hoverToSignatureHelp (/home/weet/.vscode-oss/extensions/rust-lang.rust-0.7.0/out/src/providers/signatureHelpProvider.js:75:41)
	at provideSignatureHelp.provideHover.then.hover (/home/weet/.vscode-oss/extensions/rust-lang.rust-0.7.0/out/src/providers/signatureHelpProvider.js:15:105)
[2019-11-02 14:06:28.593] [renderer1] [error] An unknown error occurred. Please consult the log for more details.
[2019-11-02 14:06:31.455] [renderer1] [error] An unknown error occurred. Please consult the log for more details.
[2019-11-02 14:06:32.576] [renderer1] [error] An unknown error occurred. Please consult the log for more details.
[2019-11-02 14:06:34.275] [renderer1] [error] An unknown error occurred. Please consult the log for more details.
[2019-11-02 14:06:35.612] [renderer1] [error] An unknown error occurred. Please consult the log for more details.
[2019-11-02 14:06:36.924] [renderer1] [error] An unknown error occurred. Please consult the log for more details.
[2019-11-02 14:06:38.904] [renderer1] [error] An unknown error occurred. Please consult the log for more details.
[2019-11-02 14:06:40.277] [renderer1] [error] An unknown error occurred. Please consult the log for more details.
[2019-11-02 14:06:41.547] [renderer1] [error] An unknown error occurred. Please consult the log for more details.
[2019-11-02 14:06:42.730] [renderer1] [error] An unknown error occurred. Please consult the log for more details.
[2019-11-02 14:06:47.222] [renderer1] [error] An unknown error occurred. Please consult the log for more details.
[2019-11-02 14:06:48.579] [renderer1] [error] An unknown error occurred. Please consult the log for more details.
[2019-11-02 14:06:49.648] [renderer1] [error] An unknown error occurred. Please consult the log for more details.
[2019-11-02 14:07:07.044] [renderer1] [error] An unknown error occurred. Please consult the log for more details.
[2019-11-02 14:07:17.546] [renderer1] [error] An unknown error occurred. Please consult the log for more details.
[2019-11-02 14:07:20.013] [renderer1] [error] An unknown error occurred. Please consult the log for more details.
[2019-11-02 14:07:21.311] [renderer1] [error] An unknown error occurred. Please consult the log for more details.
[2019-11-02 14:07:27.182] [renderer1] [error] An unknown error occurred. Please consult the log for more details.
[2019-11-02 14:07:33.282] [renderer1] [error] An unknown error occurred. Please consult the log for more details.
[2019-11-02 14:07:38.095] [renderer1] [error] An unknown error occurred. Please consult the log for more details.
[2019-11-02 14:07:39.320] [renderer1] [error] An unknown error occurred. Please consult the log for more details.
[2019-11-02 14:07:40.396] [renderer1] [error] An unknown error occurred. Please consult the log for more details.
[2019-11-02 14:07:41.579] [renderer1] [error] An unknown error occurred. Please consult the log for more details.
[2019-11-02 14:07:43.100] [renderer1] [error] An unknown error occurred. Please consult the log for more details.
[2019-11-02 14:07:44.545] [renderer1] [error] An unknown error occurred. Please consult the log for more details.
[2019-11-02 14:07:45.900] [renderer1] [error] An unknown error occurred. Please consult the log for more details.
[2019-11-02 14:07:47.100] [renderer1] [error] An unknown error occurred. Please consult the log for more details.
[2019-11-02 14:07:48.132] [renderer1] [error] An unknown error occurred. Please consult the log for more details.
[2019-11-02 14:07:49.427] [renderer1] [error] An unknown error occurred. Please consult the log for more details.
[2019-11-02 14:07:50.442] [renderer1] [error] An unknown error occurred. Please consult the log for more details.
