[2019-12-31 17:42:12.923] [sharedprocess] [info] main {"machineId":"1a926f9e97a785394379dbcfa0a7dd35136b064db0eb7d17a2007ed05c54148f","windowId":2}
[2019-12-31 17:42:13.661] [sharedprocess] [info] Deleted from disk ms-vsliveshare.vsliveshare /home/weet/.vscode-oss/extensions/ms-vsliveshare.vsliveshare-1.0.1375
[2019-12-31 17:42:15.405] [sharedprocess] [info] Installing extension: arcticicestudio.nord-visual-studio-code
[2019-12-31 17:42:15.405] [sharedprocess] [info] Installing extension: file-icons.file-icons
[2019-12-31 17:42:15.406] [sharedprocess] [info] Installing extension: ms-vsliveshare.vsliveshare
[2019-12-31 17:42:15.870] [sharedprocess] [info] Downloaded extension: arcticicestudio.nord-visual-studio-code /tmp/ecb3b1be-3921-436d-aefe-7ff3f3c7392d
[2019-12-31 17:42:15.945] [sharedprocess] [info] Extracted extension to /home/weet/.vscode-oss/extensions/.arcticicestudio.nord-visual-studio-code-0.13.0: arcticicestudio.nord-visual-studio-code
[2019-12-31 17:42:15.946] [sharedprocess] [info] Renamed to /home/weet/.vscode-oss/extensions/arcticicestudio.nord-visual-studio-code-0.13.0
[2019-12-31 17:42:15.947] [sharedprocess] [info] Installation completed. arcticicestudio.nord-visual-studio-code
[2019-12-31 17:42:15.954] [sharedprocess] [info] Extensions installed successfully: arcticicestudio.nord-visual-studio-code
[2019-12-31 17:42:16.160] [sharedprocess] [info] Downloaded extension: file-icons.file-icons /tmp/c4583d2e-077c-4b52-8e2e-4cc21f58127b
[2019-12-31 17:42:16.479] [sharedprocess] [info] Extracted extension to /home/weet/.vscode-oss/extensions/.file-icons.file-icons-1.0.20: file-icons.file-icons
[2019-12-31 17:42:16.479] [sharedprocess] [info] Renamed to /home/weet/.vscode-oss/extensions/file-icons.file-icons-1.0.20
[2019-12-31 17:42:16.487] [sharedprocess] [info] Installation completed. file-icons.file-icons
[2019-12-31 17:42:16.497] [sharedprocess] [info] Extensions installed successfully: file-icons.file-icons
[2019-12-31 17:42:18.401] [sharedprocess] [info] Downloaded extension: ms-vsliveshare.vsliveshare /tmp/06c55e29-8973-4d6f-91b9-b070b882b166
[2019-12-31 17:42:22.936] [sharedprocess] [info] Extracted extension to /home/weet/.vscode-oss/extensions/.ms-vsliveshare.vsliveshare-1.0.1404: ms-vsliveshare.vsliveshare
[2019-12-31 17:42:22.936] [sharedprocess] [info] Renamed to /home/weet/.vscode-oss/extensions/ms-vsliveshare.vsliveshare-1.0.1404
[2019-12-31 17:42:22.941] [sharedprocess] [info] Installation completed. ms-vsliveshare.vsliveshare
[2019-12-31 17:42:22.958] [sharedprocess] [info] Extensions installed successfully: ms-vsliveshare.vsliveshare
[2019-12-31 17:42:52.961] [sharedprocess] [info] Starting to clean up unused language packs.
