[2019-11-10 19:22:37.125] [exthost] [info] extension host started
[2019-11-10 19:22:37.162] [exthost] [info] ExtensionService#_doActivateExtension Gimly81.matlab {"startup":false,"activationEvent":"onLanguage:matlab"}
[2019-11-10 19:22:37.162] [exthost] [info] ExtensionService#loadCommonJSModule file:///home/weet/.vscode-oss/extensions/gimly81.matlab-1.4.0/out/src/matlabMain
[2019-11-10 19:22:37.211] [exthost] [info] ExtensionService#_doActivateExtension vscode.debug-auto-launch {"startup":true,"activationEvent":"*"}
[2019-11-10 19:22:37.211] [exthost] [info] ExtensionService#loadCommonJSModule file:///usr/lib/code/extensions/debug-auto-launch/dist/extension
[2019-11-10 19:22:37.234] [exthost] [info] ExtensionService#_doActivateExtension vscode.emmet {"startup":true,"activationEvent":"*"}
[2019-11-10 19:22:37.235] [exthost] [info] ExtensionService#loadCommonJSModule file:///usr/lib/code/extensions/emmet/dist/extension
[2019-11-10 19:22:37.379] [exthost] [info] ExtensionService#_doActivateExtension vscode.git {"startup":true,"activationEvent":"*"}
[2019-11-10 19:22:37.379] [exthost] [info] ExtensionService#loadCommonJSModule file:///usr/lib/code/extensions/git/dist/main
[2019-11-10 19:22:37.689] [exthost] [info] ExtensionService#_doActivateExtension vscode.merge-conflict {"startup":true,"activationEvent":"*"}
[2019-11-10 19:22:37.689] [exthost] [info] ExtensionService#loadCommonJSModule file:///usr/lib/code/extensions/merge-conflict/dist/extension
[2019-11-10 19:22:37.713] [exthost] [info] ExtensionService#_doActivateExtension Equinusocio.vsc-material-theme {"startup":true,"activationEvent":"*"}
[2019-11-10 19:22:37.713] [exthost] [info] ExtensionService#loadCommonJSModule file:///home/weet/.vscode-oss/extensions/equinusocio.vsc-material-theme-30.0.0/out/src/material.theme.config
[2019-11-10 19:22:37.756] [exthost] [info] ExtensionService#_doActivateExtension KnisterPeter.vscode-github {"startup":true,"activationEvent":"*"}
[2019-11-10 19:22:37.756] [exthost] [info] ExtensionService#loadCommonJSModule file:///home/weet/.vscode-oss/extensions/knisterpeter.vscode-github-0.30.3/out/src/main
[2019-11-10 19:22:38.307] [exthost] [info] ExtensionService#_doActivateExtension ms-vsliveshare.vsliveshare {"startup":true,"activationEvent":"*"}
[2019-11-10 19:22:38.307] [exthost] [info] ExtensionService#loadCommonJSModule file:///home/weet/.vscode-oss/extensions/ms-vsliveshare.vsliveshare-1.0.1123/out/prod/extension-prod
[2019-11-10 19:22:39.612] [exthost] [info] ExtensionService#_doActivateExtension shardulm94.trailing-spaces {"startup":true,"activationEvent":"*"}
[2019-11-10 19:22:39.612] [exthost] [info] ExtensionService#loadCommonJSModule file:///home/weet/.vscode-oss/extensions/shardulm94.trailing-spaces-0.3.1/out/src/extension
[2019-11-10 19:22:39.658] [exthost] [info] ExtensionService#_doActivateExtension slevesque.vscode-hexdump {"startup":true,"activationEvent":"*"}
[2019-11-10 19:22:39.658] [exthost] [info] ExtensionService#loadCommonJSModule file:///home/weet/.vscode-oss/extensions/slevesque.vscode-hexdump-1.7.2/out/src/extension
[2019-11-10 19:22:39.755] [exthost] [info] ExtensionService#_doActivateExtension spikespaz.vscode-smoothtype {"startup":true,"activationEvent":"*"}
[2019-11-10 19:22:39.755] [exthost] [info] ExtensionService#loadCommonJSModule file:///home/weet/.vscode-oss/extensions/spikespaz.vscode-smoothtype-1.2.0/extension
[2019-11-10 19:22:39.780] [exthost] [info] ExtensionService#_doActivateExtension streetsidesoftware.code-spell-checker {"startup":true,"activationEvent":"*"}
[2019-11-10 19:22:39.780] [exthost] [info] ExtensionService#loadCommonJSModule file:///home/weet/.vscode-oss/extensions/streetsidesoftware.code-spell-checker-1.7.18/dist/extension
[2019-11-10 19:22:39.923] [exthost] [info] ExtensionService#_doActivateExtension xiaomingplus.type-music {"startup":true,"activationEvent":"*"}
[2019-11-10 19:22:39.923] [exthost] [info] ExtensionService#loadCommonJSModule file:///home/weet/.vscode-oss/extensions/xiaomingplus.type-music-0.0.3/out/extension
[2019-11-10 19:22:40.001] [exthost] [info] ExtensionService#_doActivateExtension rust-lang.rust {"startup":true,"activationEvent":"workspaceContains:Cargo.toml"}
[2019-11-10 19:22:40.001] [exthost] [info] ExtensionService#loadCommonJSModule file:///home/weet/.vscode-oss/extensions/rust-lang.rust-0.7.0/out/src/extension.js
[2019-11-10 19:22:40.260] [exthost] [info] ExtensionService#_doActivateExtension vscode.npm {"startup":true,"activationEvent":"workspaceContains:package.json"}
[2019-11-10 19:22:40.261] [exthost] [info] ExtensionService#loadCommonJSModule file:///usr/lib/code/extensions/npm/dist/main
[2019-11-10 19:22:40.711] [exthost] [info] eager extensions activated
