[2019-12-31 17:42:13.862] [exthost] [info] extension host started
[2019-12-31 17:42:14.010] [exthost] [info] ExtensionService#_doActivateExtension kalitaalexey.vscode-rust {"startup":false,"extensionId":{"value":"kalitaalexey.vscode-rust","_lower":"kalitaalexey.vscode-rust"},"activationEvent":"onLanguage:rust"}
[2019-12-31 17:42:14.011] [exthost] [info] ExtensionService#loadCommonJSModule file:///home/weet/.vscode-oss/extensions/kalitaalexey.vscode-rust-0.4.2/out/src/extension
[2019-12-31 17:42:14.261] [exthost] [info] ExtensionService#_doActivateExtension rust-lang.rust {"startup":false,"extensionId":{"value":"rust-lang.rust","_lower":"rust-lang.rust"},"activationEvent":"onLanguage:rust"}
[2019-12-31 17:42:14.261] [exthost] [info] ExtensionService#loadCommonJSModule file:///home/weet/.vscode-oss/extensions/rust-lang.rust-0.7.0/out/src/extension.js
[2019-12-31 17:42:14.358] [exthost] [info] ExtensionService#_doActivateExtension vscode.debug-auto-launch {"startup":true,"extensionId":{"value":"vscode.debug-auto-launch","_lower":"vscode.debug-auto-launch"},"activationEvent":"*"}
[2019-12-31 17:42:14.358] [exthost] [info] ExtensionService#loadCommonJSModule file:///usr/lib/code/extensions/debug-auto-launch/dist/extension
[2019-12-31 17:42:14.363] [exthost] [info] ExtensionService#_doActivateExtension vscode.emmet {"startup":true,"extensionId":{"value":"vscode.emmet","_lower":"vscode.emmet"},"activationEvent":"*"}
[2019-12-31 17:42:14.364] [exthost] [info] ExtensionService#loadCommonJSModule file:///usr/lib/code/extensions/emmet/dist/extension
[2019-12-31 17:42:14.411] [exthost] [info] ExtensionService#_doActivateExtension vscode.git {"startup":true,"extensionId":{"value":"vscode.git","_lower":"vscode.git"},"activationEvent":"*"}
[2019-12-31 17:42:14.411] [exthost] [info] ExtensionService#loadCommonJSModule file:///usr/lib/code/extensions/git/dist/main
[2019-12-31 17:42:14.515] [exthost] [info] ExtensionService#_doActivateExtension vscode.merge-conflict {"startup":true,"extensionId":{"value":"vscode.merge-conflict","_lower":"vscode.merge-conflict"},"activationEvent":"*"}
[2019-12-31 17:42:14.515] [exthost] [info] ExtensionService#loadCommonJSModule file:///usr/lib/code/extensions/merge-conflict/dist/extension
[2019-12-31 17:42:14.523] [exthost] [info] ExtensionService#_doActivateExtension vscode.search-result {"startup":true,"extensionId":{"value":"vscode.search-result","_lower":"vscode.search-result"},"activationEvent":"*"}
[2019-12-31 17:42:14.523] [exthost] [info] ExtensionService#loadCommonJSModule file:///usr/lib/code/extensions/search-result/dist/extension.js
[2019-12-31 17:42:14.527] [exthost] [info] ExtensionService#_doActivateExtension Equinusocio.vsc-material-theme {"startup":true,"extensionId":{"value":"Equinusocio.vsc-material-theme","_lower":"equinusocio.vsc-material-theme"},"activationEvent":"*"}
[2019-12-31 17:42:14.527] [exthost] [info] ExtensionService#loadCommonJSModule file:///home/weet/.vscode-oss/extensions/equinusocio.vsc-material-theme-30.0.0/out/src/material.theme.config
[2019-12-31 17:42:14.550] [exthost] [info] ExtensionService#_doActivateExtension KnisterPeter.vscode-github {"startup":true,"extensionId":{"value":"KnisterPeter.vscode-github","_lower":"knisterpeter.vscode-github"},"activationEvent":"*"}
[2019-12-31 17:42:14.550] [exthost] [info] ExtensionService#loadCommonJSModule file:///home/weet/.vscode-oss/extensions/knisterpeter.vscode-github-0.30.3/out/src/main
[2019-12-31 17:42:15.038] [exthost] [info] ExtensionService#_doActivateExtension ms-vsliveshare.vsliveshare {"startup":true,"extensionId":{"value":"ms-vsliveshare.vsliveshare","_lower":"ms-vsliveshare.vsliveshare"},"activationEvent":"*"}
[2019-12-31 17:42:15.038] [exthost] [info] ExtensionService#loadCommonJSModule file:///home/weet/.vscode-oss/extensions/ms-vsliveshare.vsliveshare-1.0.1377/out/prod/extension-prod
[2019-12-31 17:42:15.434] [exthost] [info] ExtensionService#_doActivateExtension shardulm94.trailing-spaces {"startup":true,"extensionId":{"value":"shardulm94.trailing-spaces","_lower":"shardulm94.trailing-spaces"},"activationEvent":"*"}
[2019-12-31 17:42:15.434] [exthost] [info] ExtensionService#loadCommonJSModule file:///home/weet/.vscode-oss/extensions/shardulm94.trailing-spaces-0.3.1/out/src/extension
[2019-12-31 17:42:15.489] [exthost] [info] ExtensionService#_doActivateExtension slevesque.vscode-hexdump {"startup":true,"extensionId":{"value":"slevesque.vscode-hexdump","_lower":"slevesque.vscode-hexdump"},"activationEvent":"*"}
[2019-12-31 17:42:15.489] [exthost] [info] ExtensionService#loadCommonJSModule file:///home/weet/.vscode-oss/extensions/slevesque.vscode-hexdump-1.7.2/out/src/extension
[2019-12-31 17:42:15.569] [exthost] [info] ExtensionService#_doActivateExtension spikespaz.vscode-smoothtype {"startup":true,"extensionId":{"value":"spikespaz.vscode-smoothtype","_lower":"spikespaz.vscode-smoothtype"},"activationEvent":"*"}
[2019-12-31 17:42:15.569] [exthost] [info] ExtensionService#loadCommonJSModule file:///home/weet/.vscode-oss/extensions/spikespaz.vscode-smoothtype-1.2.0/extension
[2019-12-31 17:42:15.579] [exthost] [info] ExtensionService#_doActivateExtension streetsidesoftware.code-spell-checker {"startup":true,"extensionId":{"value":"streetsidesoftware.code-spell-checker","_lower":"streetsidesoftware.code-spell-checker"},"activationEvent":"*"}
[2019-12-31 17:42:15.580] [exthost] [info] ExtensionService#loadCommonJSModule file:///home/weet/.vscode-oss/extensions/streetsidesoftware.code-spell-checker-1.7.20/dist/extension
[2019-12-31 17:42:15.646] [exthost] [info] ExtensionService#_doActivateExtension xiaomingplus.type-music {"startup":true,"extensionId":{"value":"xiaomingplus.type-music","_lower":"xiaomingplus.type-music"},"activationEvent":"*"}
[2019-12-31 17:42:15.646] [exthost] [info] ExtensionService#loadCommonJSModule file:///home/weet/.vscode-oss/extensions/xiaomingplus.type-music-0.0.3/out/extension
[2019-12-31 17:42:15.769] [exthost] [info] ExtensionService#_doActivateExtension vscode.npm {"startup":true,"extensionId":{"value":"vscode.npm","_lower":"vscode.npm"},"activationEvent":"workspaceContains:package.json"}
[2019-12-31 17:42:15.769] [exthost] [info] ExtensionService#loadCommonJSModule file:///usr/lib/code/extensions/npm/dist/main
[2019-12-31 17:42:16.741] [exthost] [info] eager extensions activated
[2019-12-31 17:43:02.769] [exthost] [info] ExtensionService#_doActivateExtension vscode.configuration-editing {"startup":false,"extensionId":{"value":"vscode.configuration-editing","_lower":"vscode.configuration-editing"},"activationEvent":"onLanguage:jsonc"}
[2019-12-31 17:43:02.770] [exthost] [info] ExtensionService#loadCommonJSModule file:///usr/lib/code/extensions/configuration-editing/dist/extension
[2019-12-31 17:43:02.823] [exthost] [info] ExtensionService#_doActivateExtension vscode.json-language-features {"startup":false,"extensionId":{"value":"vscode.json-language-features","_lower":"vscode.json-language-features"},"activationEvent":"onLanguage:jsonc"}
[2019-12-31 17:43:02.823] [exthost] [info] ExtensionService#loadCommonJSModule file:///usr/lib/code/extensions/json-language-features/client/dist/jsonMain
[2019-12-31 17:43:02.897] [exthost] [info] ExtensionService#_doActivateExtension vscode.typescript-language-features {"startup":false,"extensionId":{"value":"vscode.typescript-language-features","_lower":"vscode.typescript-language-features"},"activationEvent":"onLanguage:jsonc"}
[2019-12-31 17:43:02.897] [exthost] [info] ExtensionService#loadCommonJSModule file:///usr/lib/code/extensions/typescript-language-features/dist/extension
