[2019-11-08 20:48:16.090] [exthost] [info] extension host started
[2019-11-08 20:48:16.310] [exthost] [info] ExtensionService#_doActivateExtension kalitaalexey.vscode-rust {"startup":false,"activationEvent":"onLanguage:rust"}
[2019-11-08 20:48:16.311] [exthost] [info] ExtensionService#loadCommonJSModule file:///home/weet/.vscode-oss/extensions/kalitaalexey.vscode-rust-0.4.2/out/src/extension
[2019-11-08 20:48:16.681] [exthost] [info] ExtensionService#_doActivateExtension rust-lang.rust {"startup":false,"activationEvent":"onLanguage:rust"}
[2019-11-08 20:48:16.682] [exthost] [info] ExtensionService#loadCommonJSModule file:///home/weet/.vscode-oss/extensions/rust-lang.rust-0.7.0/out/src/extension.js
[2019-11-08 20:48:16.868] [exthost] [info] ExtensionService#_doActivateExtension vscode.debug-auto-launch {"startup":true,"activationEvent":"*"}
[2019-11-08 20:48:16.868] [exthost] [info] ExtensionService#loadCommonJSModule file:///usr/lib/code/extensions/debug-auto-launch/dist/extension
[2019-11-08 20:48:16.882] [exthost] [info] ExtensionService#_doActivateExtension vscode.emmet {"startup":true,"activationEvent":"*"}
[2019-11-08 20:48:16.883] [exthost] [info] ExtensionService#loadCommonJSModule file:///usr/lib/code/extensions/emmet/dist/extension
[2019-11-08 20:48:17.018] [exthost] [info] ExtensionService#_doActivateExtension vscode.git {"startup":true,"activationEvent":"*"}
[2019-11-08 20:48:17.018] [exthost] [info] ExtensionService#loadCommonJSModule file:///usr/lib/code/extensions/git/dist/main
[2019-11-08 20:48:17.213] [exthost] [info] ExtensionService#_doActivateExtension vscode.merge-conflict {"startup":true,"activationEvent":"*"}
[2019-11-08 20:48:17.213] [exthost] [info] ExtensionService#loadCommonJSModule file:///usr/lib/code/extensions/merge-conflict/dist/extension
[2019-11-08 20:48:17.222] [exthost] [info] ExtensionService#_doActivateExtension Equinusocio.vsc-material-theme {"startup":true,"activationEvent":"*"}
[2019-11-08 20:48:17.222] [exthost] [info] ExtensionService#loadCommonJSModule file:///home/weet/.vscode-oss/extensions/equinusocio.vsc-material-theme-30.0.0/out/src/material.theme.config
[2019-11-08 20:48:17.245] [exthost] [info] ExtensionService#_doActivateExtension KnisterPeter.vscode-github {"startup":true,"activationEvent":"*"}
[2019-11-08 20:48:17.245] [exthost] [info] ExtensionService#loadCommonJSModule file:///home/weet/.vscode-oss/extensions/knisterpeter.vscode-github-0.30.3/out/src/main
[2019-11-08 20:48:17.774] [exthost] [info] ExtensionService#_doActivateExtension ms-vsliveshare.vsliveshare {"startup":true,"activationEvent":"*"}
[2019-11-08 20:48:17.774] [exthost] [info] ExtensionService#loadCommonJSModule file:///home/weet/.vscode-oss/extensions/ms-vsliveshare.vsliveshare-1.0.1123/out/prod/extension-prod
[2019-11-08 20:48:20.827] [exthost] [info] ExtensionService#_doActivateExtension shardulm94.trailing-spaces {"startup":true,"activationEvent":"*"}
[2019-11-08 20:48:20.828] [exthost] [info] ExtensionService#loadCommonJSModule file:///home/weet/.vscode-oss/extensions/shardulm94.trailing-spaces-0.3.1/out/src/extension
[2019-11-08 20:48:20.992] [exthost] [info] ExtensionService#_doActivateExtension slevesque.vscode-hexdump {"startup":true,"activationEvent":"*"}
[2019-11-08 20:48:20.993] [exthost] [info] ExtensionService#loadCommonJSModule file:///home/weet/.vscode-oss/extensions/slevesque.vscode-hexdump-1.7.2/out/src/extension
[2019-11-08 20:48:21.305] [exthost] [info] ExtensionService#_doActivateExtension spikespaz.vscode-smoothtype {"startup":true,"activationEvent":"*"}
[2019-11-08 20:48:21.305] [exthost] [info] ExtensionService#loadCommonJSModule file:///home/weet/.vscode-oss/extensions/spikespaz.vscode-smoothtype-1.2.0/extension
[2019-11-08 20:48:21.346] [exthost] [info] ExtensionService#_doActivateExtension streetsidesoftware.code-spell-checker {"startup":true,"activationEvent":"*"}
[2019-11-08 20:48:21.346] [exthost] [info] ExtensionService#loadCommonJSModule file:///home/weet/.vscode-oss/extensions/streetsidesoftware.code-spell-checker-1.7.18/dist/extension
[2019-11-08 20:48:21.731] [exthost] [info] ExtensionService#_doActivateExtension xiaomingplus.type-music {"startup":true,"activationEvent":"*"}
[2019-11-08 20:48:21.731] [exthost] [info] ExtensionService#loadCommonJSModule file:///home/weet/.vscode-oss/extensions/xiaomingplus.type-music-0.0.3/out/extension
[2019-11-08 20:48:22.221] [exthost] [info] ExtensionService#_doActivateExtension vscode.npm {"startup":true,"activationEvent":"workspaceContains:package.json"}
[2019-11-08 20:48:22.222] [exthost] [info] ExtensionService#loadCommonJSModule file:///usr/lib/code/extensions/npm/dist/main
[2019-11-08 20:48:23.642] [exthost] [info] eager extensions activated
[2019-11-08 20:48:58.623] [exthost] [info] ExtensionService#_doActivateExtension vscode.configuration-editing {"startup":false,"activationEvent":"onLanguage:jsonc"}
[2019-11-08 20:48:58.623] [exthost] [info] ExtensionService#loadCommonJSModule file:///usr/lib/code/extensions/configuration-editing/dist/extension
[2019-11-08 20:48:58.648] [exthost] [info] ExtensionService#_doActivateExtension vscode.json-language-features {"startup":false,"activationEvent":"onLanguage:jsonc"}
[2019-11-08 20:48:58.648] [exthost] [info] ExtensionService#loadCommonJSModule file:///usr/lib/code/extensions/json-language-features/client/dist/jsonMain
[2019-11-08 20:48:58.965] [exthost] [info] ExtensionService#_doActivateExtension vscode.typescript-language-features {"startup":false,"activationEvent":"onLanguage:jsonc"}
[2019-11-08 20:48:58.965] [exthost] [info] ExtensionService#loadCommonJSModule file:///usr/lib/code/extensions/typescript-language-features/dist/extension
[2019-11-08 20:51:00.692] [exthost] [info] ExtensionService#_doActivateExtension Gimly81.matlab {"startup":false,"activationEvent":"onLanguage:matlab"}
[2019-11-08 20:51:00.692] [exthost] [info] ExtensionService#loadCommonJSModule file:///home/weet/.vscode-oss/extensions/gimly81.matlab-1.4.0/out/src/matlabMain
