[2019-12-11 16:11:54.088] [sharedprocess] [info] main {"machineId":"1a926f9e97a785394379dbcfa0a7dd35136b064db0eb7d17a2007ed05c54148f","windowId":2}
[2019-12-11 16:11:55.609] [sharedprocess] [info] Deleted from disk formulahendry.code-runner /home/weet/.vscode-oss/extensions/formulahendry.code-runner-0.9.14
[2019-12-11 16:11:55.693] [sharedprocess] [info] Deleted from disk ms-vsliveshare.vsliveshare /home/weet/.vscode-oss/extensions/ms-vsliveshare.vsliveshare-1.0.1123
[2019-12-11 16:11:58.217] [sharedprocess] [info] Installing extension: gimly81.matlab
[2019-12-11 16:11:58.219] [sharedprocess] [info] Installing extension: ms-vsliveshare.vsliveshare
[2019-12-11 16:11:58.220] [sharedprocess] [info] Installing extension: streetsidesoftware.code-spell-checker
[2019-12-11 16:12:00.240] [sharedprocess] [info] Downloaded extension: gimly81.matlab /tmp/0c5bf50d-0a74-49c2-af77-99507ef92080
[2019-12-11 16:12:00.879] [sharedprocess] [info] Extracted extension to /home/weet/.vscode-oss/extensions/.gimly81.matlab-1.5.2: gimly81.matlab
[2019-12-11 16:12:00.882] [sharedprocess] [info] Renamed to /home/weet/.vscode-oss/extensions/gimly81.matlab-1.5.2
[2019-12-11 16:12:00.884] [sharedprocess] [info] Installation completed. gimly81.matlab
[2019-12-11 16:12:00.906] [sharedprocess] [info] Extensions installed successfully: gimly81.matlab
[2019-12-11 16:12:19.206] [sharedprocess] [info] Downloaded extension: streetsidesoftware.code-spell-checker /tmp/036dc9dd-728c-4b6d-a3a9-73842ff5a1fa
[2019-12-11 16:12:26.668] [sharedprocess] [info] Extracted extension to /home/weet/.vscode-oss/extensions/.streetsidesoftware.code-spell-checker-1.7.20: streetsidesoftware.code-spell-checker
[2019-12-11 16:12:26.669] [sharedprocess] [info] Renamed to /home/weet/.vscode-oss/extensions/streetsidesoftware.code-spell-checker-1.7.20
[2019-12-11 16:12:26.674] [sharedprocess] [info] Installation completed. streetsidesoftware.code-spell-checker
[2019-12-11 16:12:26.696] [sharedprocess] [info] Extensions installed successfully: streetsidesoftware.code-spell-checker
[2019-12-11 16:12:30.990] [sharedprocess] [info] Downloaded extension: ms-vsliveshare.vsliveshare /tmp/5e19939b-8630-4d8d-905e-61a269c4312e
[2019-12-11 16:12:33.185] [sharedprocess] [info] Extracted extension to /home/weet/.vscode-oss/extensions/.ms-vsliveshare.vsliveshare-1.0.1375: ms-vsliveshare.vsliveshare
[2019-12-11 16:12:33.186] [sharedprocess] [info] Renamed to /home/weet/.vscode-oss/extensions/ms-vsliveshare.vsliveshare-1.0.1375
[2019-12-11 16:12:33.193] [sharedprocess] [info] Installation completed. ms-vsliveshare.vsliveshare
[2019-12-11 16:12:33.207] [sharedprocess] [info] Extensions installed successfully: ms-vsliveshare.vsliveshare
[2019-12-11 16:12:34.123] [sharedprocess] [info] Starting to clean up unused language packs.
